2005-08-23 10:57:39 cron
2005-08-23 10:58:00 cron
2005-08-23 10:58:00 0: `alle 2 Minuten ...`
2005-08-23 10:58:00 0 done
2005-08-23 10:59:10 cron
2005-08-23 11:00:01 cron
2005-08-23 11:00:02 job #1: `alle 2 Minuten ...`
2005-08-23 11:00:02 job #1 done
2005-08-23 11:15:32 cron
2005-08-23 11:16:06 cron
2005-08-23 11:16:06 job #1 file not foud `alle 2 Minuten ...`
2005-08-23 11:24:36 cron
2005-08-23 11:24:36 job #1 file not found `alle 2 Minuten ...`
2005-08-23 11:25:03 cron
2005-08-23 11:26:01 cron
2005-08-23 11:26:01 job #1 file not found `alle 2 Minuten ...`
2005-08-23 11:31:12 cron
2005-08-23 11:32:56 cron
2005-08-23 11:32:56 job #1 file not found `alle 2 Minuten ...`
2005-08-23 11:33:04 cron
2005-08-23 11:34:08  cron
2005-08-23 11:34:08  job #1 file not found `alle 2 Minuten ...`
2005-08-23 11:36:46  cron
2005-08-23 11:36:46  job #1 file not found `alle 2 Minuten ...`
2005-08-23 11:36:46  done

2005-08-23 11:37:03  cron
2005-08-23 11:37:03  done

2005-08-23 11:38:00  cron
2005-08-23 11:38:00  job #1 file not found `alle 2 Minuten ...`
2005-08-23 11:38:00  done

2005-08-23 11:53:19  cron
2005-08-23 11:53:19  done

2005-08-23 12:05:09  cron
2005-08-23 12:05:09  done

2005-08-23 12:18:18  cron
2005-08-23 12:18:18  job #1 file not found `alle 2 Minuten ...`
2005-08-23 12:18:18  done

2005-08-23 12:19:28  cron
2005-08-23 12:19:28  done

2005-08-23 12:47:53  cron
2005-08-23 12:47:53  done

2005-08-23 12:48:02  cron
2005-08-23 12:48:02  job #1 file not found `alle 2 Minuten ...`
2005-08-23 12:48:02  done

2005-08-23 12:55:13  cron
2005-08-23 12:55:13  done

2005-08-23 12:56:04  cron
2005-08-23 12:56:04  job #1 file not found `alle 2 Minuten ...`
2005-08-23 12:56:04  done

2005-08-23 12:57:49  cron
2005-08-23 12:57:49  done

2005-08-23 17:04:06  cron
2005-08-23 17:04:06  job #1 file not found `alle 2 Minuten ...`
2005-08-23 17:04:06  done

2005-08-23 17:05:01  cron
2005-08-23 17:05:01  done

2005-08-23 17:07:12  cron
2005-08-23 17:07:12  done

2005-08-23 17:08:10  cron
2005-08-23 17:08:10  job #1 file not found `alle 2 Minuten ...`
2005-08-23 17:08:10  done

2005-08-23 17:09:03  cron
2005-08-23 17:09:03  done

2005-08-23 17:10:17  cron
2005-08-23 17:10:17  job #1 file not found `alle 2 Minuten ...`
2005-08-23 17:10:17  done

2005-08-24 10:21:45  cron
2005-08-24 10:21:46  done

2005-08-24 10:22:02  cron
2005-08-24 10:22:02  job #1 file not found `alle 2 Minuten ...`
2005-08-24 10:22:02  done

2005-08-24 10:23:04  cron
2005-08-24 10:23:04  done

2005-08-24 12:13:45  cron
2005-08-24 12:13:45  done

2005-08-24 12:18:03  cron
2005-08-24 12:18:03  job #1 file not found `alle 2 Minuten ...`
2005-08-24 12:18:03  done

2005-08-24 12:28:02  cron
2005-08-24 12:28:02  job #1 file not found `alle 2 Minuten ...`
2005-08-24 12:28:02  done

2005-08-24 12:29:04  cron
2005-08-24 12:29:04  done

2005-08-24 12:30:25  cron
2005-08-24 12:30:25  job #1 file not found `alle 2 Minuten ...`
2005-08-24 12:30:25  done

2005-08-24 12:32:57  cron
2005-08-24 12:32:57  job #1 file not found `alle 2 Minuten ...`
2005-08-24 12:32:57  done

2005-08-24 12:33:52  cron
2005-08-24 12:33:52  done

2005-08-24 12:34:14  cron
2005-08-24 12:34:14  job #1 file not found `alle 2 Minuten ...`
2005-08-24 12:34:14  done

2005-08-24 12:35:06  cron
2005-08-24 12:35:06  done

2005-08-24 12:36:16  cron
2005-08-24 12:36:16  job #1 file not found `alle 2 Minuten ...`
2005-08-24 12:36:16  done

2005-08-24 12:37:31  cron
2005-08-24 12:37:31  done

2005-08-24 12:39:09  cron
2005-08-24 12:39:09  done

2005-08-24 12:40:27  cron
2005-08-24 12:40:27  job #1 file not found `alle 2 Minuten ...`
2005-08-24 12:40:27  done

2005-08-24 12:41:24  cron
2005-08-24 12:41:24  done

2005-08-24 12:47:59  cron
2005-08-24 12:47:59  done

2005-08-24 12:51:33  cron
2005-08-24 12:51:33  done

2005-08-24 12:52:01  cron
2005-08-24 12:52:01  job #1 file not found `alle 2 Minuten ...`
2005-08-24 12:52:01  done

2005-08-24 13:02:56  cron
2005-08-24 13:02:56  job #1 file not found `alle 2 Minuten ...`
2005-08-24 13:02:56  done

2005-08-24 13:03:03  cron
2005-08-24 13:03:03  done

2005-08-24 13:07:10  cron
2005-08-24 13:07:10  done

2005-08-24 13:08:05  cron
2005-08-24 13:08:05  job #1 file not found `alle 2 Minuten ...`
2005-08-24 13:08:05  done

2005-08-24 13:09:10  cron
2005-08-24 13:09:10  done

2005-08-24 13:17:12  cron
2005-08-24 13:17:12  done

2005-08-24 14:32:51  cron
2005-08-24 14:32:51  job #1 file not found `alle 2 Minuten ...`
2005-08-24 14:32:51  done

2005-08-24 14:33:04  cron
2005-08-24 14:33:04  done

2005-08-24 14:35:06  cron
2005-08-24 14:35:06  done

2005-08-24 14:36:02  cron
2005-08-24 14:36:02  job #1 file not found `alle 2 Minuten ...`
2005-08-24 14:36:02  done

2005-08-24 14:37:49  cron
2005-08-24 14:37:49  done

2005-08-24 14:39:41  cron
2005-08-24 14:39:41  done

2005-08-24 14:40:34  cron
2005-08-24 14:40:34  job #1 file not found `alle 2 Minuten ...`
2005-08-24 14:40:34  done

2005-08-24 14:41:09  cron
2005-08-24 14:41:09  done

2005-08-24 14:42:15  cron
2005-08-24 14:42:15  job #1 file not found `alle 2 Minuten ...`
2005-08-24 14:42:15  done

2005-08-24 14:54:32  cron
2005-08-24 14:54:32  job #1 file not found `alle 2 Minuten ...`
2005-08-24 14:54:32  done

2005-08-24 14:55:12  cron
2005-08-24 14:55:12  done

2005-08-24 14:56:47  cron
2005-08-24 14:56:47  job #1 file not found `alle 2 Minuten ...`
2005-08-24 14:56:47  done

2005-08-24 14:58:44  cron
2005-08-24 14:58:44  job #1 file not found `alle 2 Minuten ...`
2005-08-24 14:58:44  done

2005-08-24 15:15:33  cron
2005-08-24 15:15:33  done

2005-08-24 15:16:03  cron
2005-08-24 15:16:03  job #1 file not found `alle 2 Minuten ...`
2005-08-24 15:16:03  done

2005-08-24 15:17:40  cron
2005-08-24 15:17:40  done

2005-08-24 15:25:08  cron
2005-08-24 15:25:08  done

2005-08-24 15:30:08  cron
2005-08-24 15:30:08  job #1 file not found `alle 2 Minuten ...`
2005-08-24 15:30:08  done

2005-08-24 15:32:58  cron
2005-08-24 15:32:58  job #1 file not found `alle 2 Minuten ...`
2005-08-24 15:32:58  done

2005-08-24 15:33:10  cron
2005-08-24 15:33:10  done

2005-08-24 15:34:06  cron
2005-08-24 15:34:06  job #1 file not found `alle 2 Minuten ...`
2005-08-24 15:34:06  done

2005-08-24 15:41:10  cron
2005-08-24 15:41:10  done

2005-08-24 15:42:04  cron
2005-08-24 15:42:04  job #1 file not found `alle 2 Minuten ...`
2005-08-24 15:42:04  done

2005-08-24 15:44:30  cron
2005-08-24 15:44:30  job #1 file not found `alle 2 Minuten ...`
2005-08-24 15:44:30  done

2005-08-24 15:45:08  cron
2005-08-24 15:45:08  done

2005-08-24 15:46:42  cron
2005-08-24 15:46:42  job #1 file not found `alle 2 Minuten ...`
2005-08-24 15:46:43  done

2005-08-24 15:50:33  cron
2005-08-24 15:50:33  job #1 file not found `alle 2 Minuten ...`
2005-08-24 15:50:33  done

2005-08-24 15:57:52  cron
2005-08-24 15:57:52  done

2005-08-24 15:59:45  cron
2005-08-24 15:59:45  done

2005-08-24 16:00:56  cron
2005-08-24 16:00:57  job #1 file not found `alle 2 Minuten ...`
2005-08-24 16:00:57  done

2005-08-24 16:01:05  cron
2005-08-24 16:01:05  done

2005-08-24 16:02:24  cron
2005-08-24 16:02:24  job #1 file not found `alle 2 Minuten ...`
2005-08-24 16:02:24  done

2005-08-24 16:08:20  cron
2005-08-24 16:08:20  job #1 file not found `alle 2 Minuten ...`
2005-08-24 16:08:20  done

2005-08-24 16:09:09  cron
2005-08-24 16:09:09  done

2005-08-24 16:11:40  cron
2005-08-24 16:11:40  done

2005-08-24 16:31:36  cron
2005-08-24 16:31:36  done

2005-08-24 16:34:08  cron
2005-08-24 16:34:08  job #1 file not found `alle 2 Minuten ...`
2005-08-24 16:34:08  done

2005-08-24 16:35:24  cron
2005-08-24 16:35:24  done

2005-08-24 16:36:07  cron
2005-08-24 16:36:07  job #1 file not found `alle 2 Minuten ...`
2005-08-24 16:36:07  done

2005-08-24 16:41:21  cron
2005-08-24 16:41:21  done

2005-08-24 16:43:18  cron
2005-08-24 16:43:18  done

2005-08-24 16:44:33  cron
2005-08-24 16:44:33  job #1 file not found `alle 2 Minuten ...`
2005-08-24 16:44:33  done

2005-08-24 16:46:00  cron
2005-08-24 16:46:00  job #1 file not found `alle 2 Minuten ...`
2005-08-24 16:46:00  done

2005-08-24 16:54:29  cron
2005-08-24 16:54:29  job #1 file not found `alle 2 Minuten ...`
2005-08-24 16:54:29  done

2005-08-24 16:59:00  cron
2005-08-24 16:59:00  done

2005-08-24 17:03:21  cron
2005-08-24 17:03:21  done

2005-08-24 17:05:52  cron
2005-08-24 17:05:52  done

2005-08-24 17:07:29  cron
2005-08-24 17:07:29  done

2005-08-24 17:16:02  cron
2005-08-24 17:16:02  job #1 file not found `alle 2 Minuten ...`
2005-08-24 17:16:02  done

2005-08-24 17:17:08  cron
2005-08-24 17:17:08  done

2005-08-24 17:18:34  cron
2005-08-24 17:18:34  job #1 file not found `alle 2 Minuten ...`
2005-08-24 17:18:34  done

2005-08-24 17:19:28  cron
2005-08-24 17:19:28  done

2005-08-24 17:23:35  cron
2005-08-24 17:23:35  done

2005-08-24 17:24:14  cron
2005-08-24 17:24:14  job #1 file not found `alle 2 Minuten ...`
2005-08-24 17:24:14  done

2005-08-24 17:27:36  cron
2005-08-24 17:27:36  done

2005-08-24 17:28:20  cron
2005-08-24 17:28:20  job #1 file not found `alle 2 Minuten ...`
2005-08-24 17:28:20  done

2005-08-24 17:30:39  cron
2005-08-24 17:30:39  job #1 file not found `alle 2 Minuten ...`
2005-08-24 17:30:39  done

2005-08-24 17:32:53  cron
2005-08-24 17:32:53  job #1 file not found `alle 2 Minuten ...`
2005-08-24 17:32:53  done

2005-08-24 17:33:12  cron
2005-08-24 17:33:12  done

2005-08-25 09:32:13  cron
2005-08-25 09:32:13  job #1 file not found `alle 2 Minuten ...`
2005-08-25 09:32:13  done

2005-08-25 09:33:04  cron
2005-08-25 09:33:04  done

2005-08-25 09:37:05  cron
2005-08-25 09:37:05  done

2005-08-25 09:39:18  cron
2005-08-25 09:39:18  done

2005-08-25 09:40:19  cron
2005-08-25 09:40:19  job #1 file not found `alle 2 Minuten ...`
2005-08-25 09:40:19  done

2005-08-25 09:41:04  cron
2005-08-25 09:41:04  done

2005-08-25 09:48:59  cron
2005-08-25 09:48:59  job #1 file not found `alle 2 Minuten ...`
2005-08-25 09:48:59  done

2005-08-25 09:49:02  cron
2005-08-25 09:49:02  done

2005-08-25 09:50:36  cron
2005-08-25 09:50:36  job #1 file not found `alle 2 Minuten ...`
2005-08-25 09:50:36  done

2005-08-25 09:51:02  cron
2005-08-25 09:51:02  done

2005-08-25 09:52:15  cron
2005-08-25 09:52:15  job #1 file not found `alle 2 Minuten ...`
2005-08-25 09:52:15  done

2005-08-25 09:53:13  cron
2005-08-25 09:53:13  done

2005-08-25 16:05:44  cron
2005-08-25 16:05:45  done

2005-08-25 16:06:09  cron
2005-08-25 16:06:09  job #1 file not found `alle 2 Minuten ...`
2005-08-25 16:06:09  done

2005-08-25 17:37:50  cron
2005-08-25 17:37:50  done

2005-08-25 17:38:24  cron
2005-08-25 17:38:24  job #1 file not found `alle 2 Minuten ...`
2005-08-25 17:38:24  done

2005-08-26 09:37:28  cron
2005-08-26 09:37:28  done

2005-08-26 12:27:43  cron
2005-08-26 12:27:43  done

2005-08-26 15:45:18  cron
2005-08-26 15:45:18  done

2005-08-26 15:46:05  cron
2005-08-26 15:46:05  job #1 file not found `alle 2 Minuten ...`
2005-08-26 15:46:05  done

2005-08-26 15:47:13  cron
2005-08-26 15:47:13  done

2005-08-26 15:48:27  cron
2005-08-26 15:48:27  job #1 file not found `alle 2 Minuten ...`
2005-08-26 15:48:27  done

2005-08-26 15:49:21  cron
2005-08-26 15:49:21  done

2005-08-26 15:50:15  cron
2005-08-26 15:50:15  job #1 file not found `alle 2 Minuten ...`
2005-08-26 15:50:15  done

2005-08-26 15:51:12  cron
2005-08-26 15:51:12  done

2005-08-26 15:52:02  cron
2005-08-26 15:52:02  job #1 file not found `alle 2 Minuten ...`
2005-08-26 15:52:02  done

2005-08-26 15:53:00  cron
2005-08-26 15:53:00  done

2005-08-26 15:56:17  cron
2005-08-26 15:56:17  job #1 file not found `alle 2 Minuten ...`
2005-08-26 15:56:17  done

2005-08-26 15:57:02  cron
2005-08-26 15:57:02  done

2005-08-26 16:03:36  cron
2005-08-26 16:03:36  done

2005-08-26 16:04:39  cron
2005-08-26 16:04:39  job #1 file not found `alle 2 Minuten ...`
2005-08-26 16:04:39  done

2005-08-26 16:07:30  cron
2005-08-26 16:07:30  done

2005-08-26 16:32:03  cron
2005-08-26 16:32:03  job #1 file not found `alle 2 Minuten ...`
2005-08-26 16:32:03  done

2005-08-26 16:38:28  cron
2005-08-26 16:38:28  job #1 file not found `alle 2 Minuten ...`
2005-08-26 16:38:28  done

2005-08-26 16:39:56  cron
2005-08-26 16:39:56  done

2005-08-26 16:40:00  cron
2005-08-26 16:40:00  job #1 file not found `alle 2 Minuten ...`
2005-08-26 16:40:00  done

2005-08-26 18:59:37  cron
2005-08-26 18:59:37  done

2005-08-26 19:00:05  cron
2005-08-26 19:00:05  job #1 file not found `alle 2 Minuten ...`
2005-08-26 19:00:05  done

2005-08-26 19:04:13  cron
2005-08-26 19:04:13  job #1 file not found `alle 2 Minuten ...`
2005-08-26 19:04:13  done

2005-08-27 17:26:30  cron
2005-08-27 17:26:30  job #1 file not found `alle 2 Minuten ...`
2005-08-27 17:26:30  done

2005-08-27 18:21:07  cron
2005-08-27 18:21:07  done

2005-08-29 11:17:47  cron
2005-08-29 11:17:48  done

2005-08-30 17:29:37  cron
2005-08-30 17:29:37  done

2005-08-30 17:30:20  cron
2005-08-30 17:30:20  job #1 file not found `alle 2 Minuten ...`
2005-08-30 17:30:20  done

2005-08-30 17:46:47  cron
2005-08-30 17:46:47  job #1 file not found `alle 2 Minuten ...`
2005-08-30 17:46:47  done

2005-08-30 17:48:58  cron
2005-08-30 17:48:58  job #1 file not found `alle 2 Minuten ...`
2005-08-30 17:48:58  done

2005-08-30 17:49:01  cron
2005-08-30 17:49:01  done

2005-08-30 17:50:16  cron
2005-08-30 17:50:16  job #1 file not found `alle 2 Minuten ...`
2005-08-30 17:50:16  done

2005-08-30 17:51:07  cron
2005-08-30 17:51:07  done

2005-08-30 17:52:00  cron
2005-08-30 17:52:00  job #1 file not found `alle 2 Minuten ...`
2005-08-30 17:52:00  done

2005-08-31 09:29:23  cron
2005-08-31 09:29:23  done

2005-08-31 09:36:18  cron
2005-08-31 09:36:18  job #1 file not found `alle 2 Minuten ...`
2005-08-31 09:36:18  done

2005-08-31 09:51:42  cron
2005-08-31 09:51:42  done

2005-08-31 09:52:00  cron
2005-08-31 09:52:00  job #1 file not found `alle 2 Minuten ...`
2005-08-31 09:52:00  done

2005-08-31 09:54:23  cron
2005-08-31 09:54:23  job #1 file not found `alle 2 Minuten ...`
2005-08-31 09:54:23  done

2005-08-31 09:55:52  cron
2005-08-31 09:55:52  done

2005-08-31 09:56:03  cron
2005-08-31 09:56:03  job #1 file not found `alle 2 Minuten ...`
2005-08-31 09:56:03  done

2005-08-31 10:20:44  cron
2005-08-31 10:20:44  job #1 file not found `alle 2 Minuten ...`
2005-08-31 10:20:44  done

2005-08-31 10:22:35  cron
2005-08-31 10:22:35  job #1 file not found `alle 2 Minuten ...`
2005-08-31 10:22:35  done

2005-08-31 10:23:01  cron
2005-08-31 10:23:01  done

2005-08-31 10:24:09  cron
2005-08-31 10:24:09  job #1 file not found `alle 2 Minuten ...`
2005-08-31 10:24:09  done

2005-08-31 10:25:02  cron
2005-08-31 10:25:02  done

2005-08-31 10:26:21  cron
2005-08-31 10:26:21  job #1 file not found `alle 2 Minuten ...`
2005-08-31 10:26:21  done

2005-08-31 10:27:31  cron
2005-08-31 10:27:31  done

2005-08-31 10:28:35  cron
2005-08-31 10:28:35  job #1 file not found `alle 2 Minuten ...`
2005-08-31 10:28:35  done

2005-08-31 10:29:37  cron
2005-08-31 10:29:37  done

2005-08-31 10:30:44  cron
2005-08-31 10:30:44  job #1 file not found `alle 2 Minuten ...`
2005-08-31 10:30:44  done

2005-08-31 10:33:29  cron
2005-08-31 10:33:29  done

2005-08-31 10:34:06  cron
2005-08-31 10:34:06  job #1 file not found `alle 2 Minuten ...`
2005-08-31 10:34:06  done

2005-08-31 10:35:08  cron
2005-08-31 10:35:08  done

2005-08-31 10:36:00  cron
2005-08-31 10:36:00  job #1 file not found `alle 2 Minuten ...`
2005-08-31 10:36:00  done

2005-08-31 10:38:14  cron
2005-08-31 10:38:14  job #1 file not found `alle 2 Minuten ...`
2005-08-31 10:38:14  done

2005-08-31 10:39:02  cron
2005-08-31 10:39:02  done

2005-08-31 10:41:18  cron
2005-08-31 10:41:18  done

2005-08-31 10:42:24  cron
2005-08-31 10:42:24  job #1 file not found `alle 2 Minuten ...`
2005-08-31 10:42:24  done

2005-08-31 10:43:02  cron
2005-08-31 10:43:02  done

2005-08-31 10:44:04  cron
2005-08-31 10:44:04  job #1 file not found `alle 2 Minuten ...`
2005-08-31 10:44:04  done

2005-08-31 10:45:00  cron
2005-08-31 10:45:00  done

2005-08-31 10:46:44  cron
2005-08-31 10:46:44  job #1 file not found `alle 2 Minuten ...`
2005-08-31 10:46:44  done

2005-08-31 10:47:01  cron
2005-08-31 10:47:01  done

2005-08-31 10:48:02  cron
2005-08-31 10:48:03  job #1 file not found `alle 2 Minuten ...`
2005-08-31 10:48:03  done

2005-08-31 10:49:00  cron
2005-08-31 10:49:00  done

2005-08-31 10:56:34  cron
2005-08-31 10:56:34  job #1 file not found `alle 2 Minuten ...`
2005-08-31 10:56:34  done

2005-08-31 10:59:45  cron
2005-08-31 10:59:45  done

2005-08-31 11:08:02  cron
2005-08-31 11:08:02  job #1 file not found `alle 2 Minuten ...`
2005-08-31 11:08:02  done

2005-08-31 11:09:21  cron
2005-08-31 11:09:21  done

2005-08-31 11:10:39  cron
2005-08-31 11:10:39  job #1 file not found `alle 2 Minuten ...`
2005-08-31 11:10:39  done

2005-08-31 11:11:25  cron
2005-08-31 11:11:25  done

2005-08-31 11:12:23  cron
2005-08-31 11:12:23  job #1 file not found `alle 2 Minuten ...`
2005-08-31 11:12:23  done

2005-08-31 11:13:50  cron
2005-08-31 11:13:50  done

2005-08-31 11:16:02  cron
2005-08-31 11:16:02  job #1 file not found `alle 2 Minuten ...`
2005-08-31 11:16:02  done

2005-08-31 11:17:24  cron
2005-08-31 11:17:24  done

2005-08-31 11:19:21  cron
2005-08-31 11:19:21  done

2005-08-31 11:20:22  cron
2005-08-31 11:20:22  job #1 file not found `alle 2 Minuten ...`
2005-08-31 11:20:22  done

2005-08-31 11:24:56  cron
2005-08-31 11:24:56  job #1 file not found `alle 2 Minuten ...`
2005-08-31 11:24:56  done

2005-08-31 11:25:05  cron
2005-08-31 11:25:05  done

2005-08-31 11:27:28  cron
2005-08-31 11:27:28  done

2005-08-31 11:28:12  cron
2005-08-31 11:28:12  job #1 file not found `alle 2 Minuten ...`
2005-08-31 11:28:12  done

2005-08-31 11:32:22  cron
2005-08-31 11:32:22  job #1 file not found `alle 2 Minuten ...`
2005-08-31 11:32:22  done

2005-08-31 11:35:19  cron
2005-08-31 11:35:19  done

2005-08-31 17:02:24  cron
2005-08-31 17:02:24  job #1 file not found `alle 2 Minuten ...`
2005-08-31 17:02:24  done

2005-09-19 13:25:16  cron
2005-09-19 13:25:16  done

2005-09-19 13:26:39  cron
2005-09-19 13:26:39  job #1 file not found `alle 2 Minuten ...`
2005-09-19 13:26:39  done

2005-09-20 09:47:06  cron
2005-09-20 09:47:06  done

2005-09-20 11:38:09  cron
2005-09-20 11:38:09  job #1 file not found `alle 2 Minuten ...`
2005-09-20 11:38:09  done

2005-09-20 11:54:11  cron
2005-09-20 11:54:11  job #1 file not found `alle 2 Minuten ...`
2005-09-20 11:54:11  done

2005-09-20 12:00:18  cron
2005-09-20 12:00:18  job #1 file not found `alle 2 Minuten ...`
2005-09-20 12:00:18  done

2005-09-20 12:18:25  cron
2005-09-20 12:18:25  job #1 file not found `alle 2 Minuten ...`
2005-09-20 12:18:25  done

2005-09-20 12:19:26  cron
2005-09-20 12:19:26  done

2005-09-20 12:55:39  cron
2005-09-20 12:55:39  done

2005-09-20 12:56:13  cron
2005-09-20 12:56:13  job #1 file not found `alle 2 Minuten ...`
2005-09-20 12:56:13  done

2005-09-20 12:57:18  cron
2005-09-20 12:57:18  done

2005-09-20 12:58:32  cron
2005-09-20 12:58:32  job #1 file not found `alle 2 Minuten ...`
2005-09-20 12:58:32  done

2005-09-20 12:59:41  cron
2005-09-20 12:59:41  done

2005-09-20 13:00:03  cron
2005-09-20 13:00:03  job #1 file not found `alle 2 Minuten ...`
2005-09-20 13:00:03  done

2005-09-20 13:01:05  cron
2005-09-20 13:01:05  done

2005-09-20 13:02:07  cron
2005-09-20 13:02:07  job #1 file not found `alle 2 Minuten ...`
2005-09-20 13:02:07  done

2005-09-20 13:04:47  cron
2005-09-20 13:04:47  job #1 file not found `alle 2 Minuten ...`
2005-09-20 13:04:47  done

2005-09-20 13:05:17  cron
2005-09-20 13:05:17  done

2005-09-20 13:06:21  cron
2005-09-20 13:06:21  job #1 file not found `alle 2 Minuten ...`
2005-09-20 13:06:21  done

2005-09-29 10:38:51  cron
2005-09-29 10:38:51  job #1 file not found `alle 2 Minuten ...`
2005-09-29 10:38:51  done

2005-09-29 10:39:01  cron
2005-09-29 10:39:01  done

2005-09-29 11:51:22  cron
2005-09-29 11:51:22  done

2005-09-29 11:52:13  cron
2005-09-29 11:52:13  job #1 file not found `alle 2 Minuten ...`
2005-09-29 11:52:13  done

2005-09-29 11:53:04  cron
2005-09-29 11:53:04  done

2005-09-29 11:54:30  cron
2005-09-29 11:54:30  job #1 file not found `alle 2 Minuten ...`
2005-09-29 11:54:30  done

2005-09-29 11:55:10  cron
2005-09-29 11:55:10  done

2005-09-29 13:40:39  cron
2005-09-29 13:40:39  job #1 file not found `alle 2 Minuten ...`
2005-09-29 13:40:39  done

2005-09-29 13:41:05  cron
2005-09-29 13:41:05  done

2005-09-29 16:54:40  cron
2005-09-29 16:54:40  job #1 file not found `alle 2 Minuten ...`
2005-09-29 16:54:40  done

2005-09-29 16:57:24  cron
2005-09-29 16:57:24  done

2005-09-29 17:00:17  cron
2005-09-29 17:00:17  job #1 file not found `alle 2 Minuten ...`
2005-09-29 17:00:17  done

2005-09-29 17:12:15  cron
2005-09-29 17:12:15  job #1 file not found `alle 2 Minuten ...`
2005-09-29 17:12:15  done

2005-10-06 14:23:14  cron
2005-10-06 14:23:15  done

2005-10-07 11:55:58  cron
2005-10-07 11:55:58  done

2005-10-07 12:00:43  cron
2005-10-07 12:00:43  job #1 file not found `alle 2 Minuten ...`
2005-10-07 12:00:43  done

2005-10-07 12:01:19  cron
2005-10-07 12:01:19  done

2005-10-07 12:02:49  cron
2005-10-07 12:02:49  job #1 file not found `alle 2 Minuten ...`
2005-10-07 12:02:49  done

2005-10-07 12:05:52  cron
2005-10-07 12:05:52  done

2005-10-11 10:36:10  cron
2005-10-11 10:36:10  job #1 file not found `alle 2 Minuten ...`
2005-10-11 10:36:10  done

2005-10-12 12:05:41  cron
2005-10-12 12:05:41  done

2005-10-13 13:08:56  cron
2005-10-13 13:08:56  job #1 file not found `alle 2 Minuten ...`
2005-10-13 13:08:56  done

2005-10-13 13:28:01  cron
2005-10-13 13:28:01  job #1 file not found `alle 2 Minuten ...`
2005-10-13 13:28:01  done

2005-10-13 13:29:39  cron
2005-10-13 13:29:39  done

2005-10-13 16:26:29  cron
2005-10-13 16:26:29  job #1 file not found `alle 2 Minuten ...`
2005-10-13 16:26:29  done

2005-10-17 15:07:06  cron
2005-10-17 15:07:06  done

2005-10-17 16:44:30  cron
2005-10-17 16:44:30  job #1 file not found `alle 2 Minuten ...`
2005-10-17 16:44:30  done

2005-10-17 16:46:14  cron
2005-10-17 16:46:14  job #1 file not found `alle 2 Minuten ...`
2005-10-17 16:46:14  done

2005-10-17 16:48:58  cron
2005-10-17 16:48:58  job #1 file not found `alle 2 Minuten ...`
2005-10-17 16:48:58  done

2005-10-17 16:49:33  cron
2005-10-17 16:49:33  done

2005-10-17 17:02:47  cron
2005-10-17 17:02:47  job #1 file not found `alle 2 Minuten ...`
2005-10-17 17:02:47  done

2005-10-17 17:03:13  cron
2005-10-17 17:03:13  done

2005-10-17 17:28:12  cron
2005-10-17 17:28:12  job #1 file not found `alle 2 Minuten ...`
2005-10-17 17:28:12  done

2005-10-17 17:30:35  cron
2005-10-17 17:30:35  job #1 file not found `alle 2 Minuten ...`
2005-10-17 17:30:35  done

2005-10-17 17:36:29  cron
2005-10-17 17:36:29  job #1 file not found `alle 2 Minuten ...`
2005-10-17 17:36:29  done

2005-10-17 17:38:57  cron
2005-10-17 17:38:57  job #1 file not found `alle 2 Minuten ...`
2005-10-17 17:38:57  done

2005-10-17 17:42:31  cron
2005-10-17 17:42:31  job #1 file not found `alle 2 Minuten ...`
2005-10-17 17:42:31  done

2005-10-17 17:43:59  cron
2005-10-17 17:43:59  done

2005-10-17 17:44:12  cron
2005-10-17 17:44:12  job #1 file not found `alle 2 Minuten ...`
2005-10-17 17:44:12  done

2005-10-17 17:50:20  cron
2005-10-17 17:50:20  job #1 file not found `alle 2 Minuten ...`
2005-10-17 17:50:20  done

2005-10-18 10:33:36  cron
2005-10-18 10:33:36  done

2005-10-18 12:14:56  cron
2005-10-18 12:14:56  job #1 file not found `alle 2 Minuten ...`
2005-10-18 12:14:56  done

2005-10-18 12:16:59  cron
2005-10-18 12:16:59  job #1 file not found `alle 2 Minuten ...`
2005-10-18 12:16:59  done

2005-10-18 12:17:20  cron
2005-10-18 12:17:20  done

2005-10-18 12:20:32  cron
2005-10-18 12:20:32  job #1 file not found `alle 2 Minuten ...`
2005-10-18 12:20:32  done

2005-10-18 12:25:40  cron
2005-10-18 12:25:40  done

2005-10-18 12:27:37  cron
2005-10-18 12:27:37  done

2005-10-18 12:29:22  cron
2005-10-18 12:29:22  done

2005-10-18 12:30:44  cron
2005-10-18 12:30:44  job #1 file not found `alle 2 Minuten ...`
2005-10-18 12:30:44  done

2005-10-18 12:31:07  cron
2005-10-18 12:31:07  done

2005-10-18 12:33:33  cron
2005-10-18 12:33:33  done

2005-10-18 12:35:41  cron
2005-10-18 12:35:41  done

2005-10-18 12:36:24  cron
2005-10-18 12:36:24  job #1 file not found `alle 2 Minuten ...`
2005-10-18 12:36:24  done

2005-10-18 12:37:11  cron
2005-10-18 12:37:11  done

2005-10-18 12:38:28  cron
2005-10-18 12:38:28  job #1 file not found `alle 2 Minuten ...`
2005-10-18 12:38:28  done

2005-10-18 12:46:23  cron
2005-10-18 12:46:23  job #1 file not found `alle 2 Minuten ...`
2005-10-18 12:46:23  done

2005-10-18 12:47:05  cron
2005-10-18 12:47:05  done

2005-10-18 12:49:19  cron
2005-10-18 12:49:19  done

2005-10-18 12:58:20  cron
2005-10-18 12:58:20  job #1 file not found `alle 2 Minuten ...`
2005-10-18 12:58:20  done

2005-10-18 13:08:33  cron
2005-10-18 13:08:33  job #1 file not found `alle 2 Minuten ...`
2005-10-18 13:08:33  done

2005-10-18 13:12:33  cron
2005-10-18 13:12:33  job #1 file not found `alle 2 Minuten ...`
2005-10-18 13:12:33  done

2005-10-18 13:18:40  cron
2005-10-18 13:18:40  job #1 file not found `alle 2 Minuten ...`
2005-10-18 13:18:40  done

2005-10-18 13:19:12  cron
2005-10-18 13:19:12  done

2005-10-18 13:30:55  cron
2005-10-18 13:30:55  job #1 file not found `alle 2 Minuten ...`
2005-10-18 13:30:55  done

2005-10-18 13:31:15  cron
2005-10-18 13:31:15  done

2005-10-18 13:32:10  cron
2005-10-18 13:32:10  job #1 file not found `alle 2 Minuten ...`
2005-10-18 13:32:10  done

2005-10-18 13:33:04  cron
2005-10-18 13:33:04  done

2005-10-18 13:34:12  cron
2005-10-18 13:34:12  job #1 file not found `alle 2 Minuten ...`
2005-10-18 13:34:12  done

2005-10-18 13:36:07  cron
2005-10-18 13:36:07  job #1 file not found `alle 2 Minuten ...`
2005-10-18 13:36:07  done

2005-10-18 13:38:00  cron
2005-10-18 13:38:00  job #1 file not found `alle 2 Minuten ...`
2005-10-18 13:38:00  done

2005-10-18 13:39:50  cron
2005-10-18 13:39:50  done

2005-10-18 13:42:37  cron
2005-10-18 13:42:37  job #1 file not found `alle 2 Minuten ...`
2005-10-18 13:42:37  done

2005-10-18 13:43:05  cron
2005-10-18 13:43:05  done

2005-10-18 13:44:03  cron
2005-10-18 13:44:03  job #1 file not found `alle 2 Minuten ...`
2005-10-18 13:44:03  done

2005-10-18 13:45:47  cron
2005-10-18 13:45:47  done

2005-10-19 09:33:06  cron
2005-10-19 09:33:06  done

2005-10-19 10:43:07  cron
2005-10-19 10:43:07  done

2005-10-19 10:45:36  cron
2005-10-19 10:45:36  done

2005-10-19 11:38:49  cron
2005-10-19 11:38:49  job #1 file not found `alle 2 Minuten ...`
2005-10-19 11:38:50  done

2005-10-19 11:39:32  cron
2005-10-19 11:39:32  done

2005-10-19 11:41:00  cron
2005-10-19 11:41:00  done

2005-10-19 11:43:38  cron
2005-10-19 11:43:38  done

2005-10-19 12:00:52  cron
2005-10-19 12:00:52  job #1 file not found `alle 2 Minuten ...`
2005-10-19 12:00:52  done

2005-10-19 12:39:23  cron
2005-10-19 12:39:23  done

2005-10-19 14:15:39  cron
2005-10-19 14:15:39  done

2005-10-19 15:59:26  cron
2005-10-19 15:59:26  done

2005-10-19 16:14:11  cron
2005-10-19 16:14:11  job #1 file not found `alle 2 Minuten ...`
2005-10-19 16:14:11  done

2005-10-19 16:24:18  cron
2005-10-19 16:24:18  job #1 file not found `alle 2 Minuten ...`
2005-10-19 16:24:18  done

2005-10-19 17:56:17  cron
2005-10-19 17:56:17  job #1 file not found `alle 2 Minuten ...`
2005-10-19 17:56:17  done

2005-10-20 11:47:14  cron
2005-10-20 11:47:14  done

2005-10-21 12:03:12  cron
2005-10-21 12:03:12  done

2005-10-22 10:55:02  cron
2005-10-22 10:55:02  done

2005-10-22 11:12:33  cron
2005-10-22 11:12:33  job #1 file not found `alle 2 Minuten ...`
2005-10-22 11:12:33  done

2005-10-22 11:55:30  cron
2005-10-22 11:55:30  done

2005-10-22 11:58:46  cron
2005-10-22 11:58:46  job #1 file not found `alle 2 Minuten ...`
2005-10-22 11:58:46  done

2005-10-22 11:59:09  cron
2005-10-22 11:59:09  done

2005-10-22 12:00:44  cron
2005-10-22 12:00:44  job #1 file not found `alle 2 Minuten ...`
2005-10-22 12:00:44  done

2005-10-22 12:02:45  cron
2005-10-22 12:02:45  job #1 file not found `alle 2 Minuten ...`
2005-10-22 12:02:45  done

2005-10-22 12:03:23  cron
2005-10-22 12:03:23  done

2005-10-22 12:04:10  cron
2005-10-22 12:04:10  job #1 file not found `alle 2 Minuten ...`
2005-10-22 12:04:10  done

2005-10-22 12:06:57  cron
2005-10-22 12:06:57  job #1 file not found `alle 2 Minuten ...`
2005-10-22 12:06:57  done

2005-10-22 12:08:14  cron
2005-10-22 12:08:14  job #1 file not found `alle 2 Minuten ...`
2005-10-22 12:08:14  done

2005-10-22 12:09:37  cron
2005-10-22 12:09:37  done

2005-10-22 12:10:11  cron
2005-10-22 12:10:11  job #1 file not found `alle 2 Minuten ...`
2005-10-22 12:10:11  done

2005-10-22 12:14:58  cron
2005-10-22 12:14:58  job #1 file not found `alle 2 Minuten ...`
2005-10-22 12:14:58  done

2005-10-22 12:25:27  cron
2005-10-22 12:25:27  done

2005-10-22 12:28:05  cron
2005-10-22 12:28:05  job #1 file not found `alle 2 Minuten ...`
2005-10-22 12:28:05  done

2005-10-22 12:51:04  cron
2005-10-22 12:51:04  done

2005-10-22 12:59:14  cron
2005-10-22 12:59:14  done

2005-10-22 13:00:55  cron
2005-10-22 13:00:55  job #1 file not found `alle 2 Minuten ...`
2005-10-22 13:00:55  done

2005-10-22 13:01:35  cron
2005-10-22 13:01:35  done

2005-10-22 13:02:39  cron
2005-10-22 13:02:39  job #1 file not found `alle 2 Minuten ...`
2005-10-22 13:02:39  done

2005-10-22 13:03:20  cron
2005-10-22 13:03:20  done

2005-10-22 13:09:23  cron
2005-10-22 13:09:23  done

2005-10-22 13:10:28  cron
2005-10-22 13:10:28  job #1 file not found `alle 2 Minuten ...`
2005-10-22 13:10:28  done

2005-10-22 13:11:18  cron
2005-10-22 13:11:18  done

2005-10-22 13:12:01  cron
2005-10-22 13:12:01  job #1 file not found `alle 2 Minuten ...`
2005-10-22 13:12:01  done

2005-10-22 13:13:12  cron
2005-10-22 13:13:12  done

2005-10-22 13:14:22  cron
2005-10-22 13:14:22  job #1 file not found `alle 2 Minuten ...`
2005-10-22 13:14:22  done

2005-10-22 13:15:12  cron
2005-10-22 13:15:12  done

2005-10-22 13:16:03  cron
2005-10-22 13:16:04  job #1 file not found `alle 2 Minuten ...`
2005-10-22 13:16:04  done

2005-10-22 13:17:17  cron
2005-10-22 13:17:17  done

2005-10-22 13:18:06  cron
2005-10-22 13:18:06  job #1 file not found `alle 2 Minuten ...`
2005-10-22 13:18:06  done

2005-10-22 14:05:45  cron
2005-10-22 14:05:45  done

2005-10-22 14:10:46  cron
2005-10-22 14:10:46  job #1 file not found `alle 2 Minuten ...`
2005-10-22 14:10:46  done

2005-10-22 14:12:05  cron
2005-10-22 14:12:05  job #1 file not found `alle 2 Minuten ...`
2005-10-22 14:12:05  done

2005-10-22 14:14:14  cron
2005-10-22 14:14:14  job #1 file not found `alle 2 Minuten ...`
2005-10-22 14:14:14  done

2005-10-22 14:15:40  cron
2005-10-22 14:15:40  done

2005-10-22 14:20:36  cron
2005-10-22 14:20:36  job #1 file not found `alle 2 Minuten ...`
2005-10-22 14:20:36  done

2005-10-22 14:22:34  cron
2005-10-22 14:22:34  job #1 file not found `alle 2 Minuten ...`
2005-10-22 14:22:34  done

2005-10-22 14:24:09  cron
2005-10-22 14:24:09  job #1 file not found `alle 2 Minuten ...`
2005-10-22 14:24:09  done

2005-10-22 14:26:01  cron
2005-10-22 14:26:01  job #1 file not found `alle 2 Minuten ...`
2005-10-22 14:26:01  done

2005-10-22 14:29:23  cron
2005-10-22 14:29:23  done

2005-10-22 14:30:33  cron
2005-10-22 14:30:33  job #1 file not found `alle 2 Minuten ...`
2005-10-22 14:30:33  done

2005-10-22 14:31:57  cron
2005-10-22 14:31:57  done

2005-10-22 14:32:01  cron
2005-10-22 14:32:02  job #1 file not found `alle 2 Minuten ...`
2005-10-22 14:32:02  done

2005-10-22 14:38:03  cron
2005-10-22 14:38:03  job #1 file not found `alle 2 Minuten ...`
2005-10-22 14:38:03  done

2005-10-22 14:39:53  cron
2005-10-22 14:39:53  done

2005-10-22 14:40:28  cron
2005-10-22 14:40:28  job #1 file not found `alle 2 Minuten ...`
2005-10-22 14:40:28  done

2005-10-22 14:41:21  cron
2005-10-22 14:41:21  done

2005-10-22 14:42:22  cron
2005-10-22 14:42:22  job #1 file not found `alle 2 Minuten ...`
2005-10-22 14:42:22  done

2005-10-22 14:43:59  cron
2005-10-22 14:43:59  done

2005-10-22 14:45:27  cron
2005-10-22 14:45:27  done

2005-10-22 14:50:56  cron
2005-10-22 14:50:56  job #1 file not found `alle 2 Minuten ...`
2005-10-22 14:50:56  done

2005-10-22 14:53:28  cron
2005-10-22 14:53:28  done

2005-10-22 14:54:57  cron
2005-10-22 14:54:57  job #1 file not found `alle 2 Minuten ...`
2005-10-22 14:54:57  done

2005-10-22 14:55:41  cron
2005-10-22 14:55:41  done

2005-10-22 14:59:53  cron
2005-10-22 14:59:53  done

2005-10-22 15:00:00  cron
2005-10-22 15:00:00  job #1 file not found `alle 2 Minuten ...`
2005-10-22 15:00:00  done

2005-10-22 15:02:01  cron
2005-10-22 15:02:01  job #1 file not found `alle 2 Minuten ...`
2005-10-22 15:02:01  done

2005-10-24 09:47:44  cron
2005-10-24 09:47:44  done

2005-10-24 10:24:41  cron
2005-10-24 10:24:41  job #1 file not found `alle 2 Minuten ...`
2005-10-24 10:24:41  done

2005-10-24 10:35:42  cron
2005-10-24 10:35:43  done

2005-10-24 10:36:00  cron
2005-10-24 10:36:00  job #1 file not found `alle 2 Minuten ...`
2005-10-24 10:36:00  done

2005-10-24 10:37:40  cron
2005-10-24 10:37:40  done

2005-10-24 10:56:11  cron
2005-10-24 10:56:11  job #1 file not found `alle 2 Minuten ...`
2005-10-24 10:56:11  done

2005-10-24 11:24:53  cron
2005-10-24 11:24:53  job #1 file not found `alle 2 Minuten ...`
2005-10-24 11:24:53  done

2005-10-24 11:25:28  cron
2005-10-24 11:25:28  done

2005-10-24 11:26:02  cron
2005-10-24 11:26:02  job #1 file not found `alle 2 Minuten ...`
2005-10-24 11:26:02  done

2005-10-24 11:27:50  cron
2005-10-24 11:27:50  done

2005-10-24 11:28:06  cron
2005-10-24 11:28:06  job #1 file not found `alle 2 Minuten ...`
2005-10-24 11:28:06  done

2005-10-24 11:30:31  cron
2005-10-24 11:30:31  job #1 file not found `alle 2 Minuten ...`
2005-10-24 11:30:31  done

2005-10-24 11:31:16  cron
2005-10-24 11:31:16  done

2005-10-24 11:32:03  cron
2005-10-24 11:32:03  job #1 file not found `alle 2 Minuten ...`
2005-10-24 11:32:03  done

2005-10-24 11:33:09  cron
2005-10-24 11:33:09  done

2005-10-24 11:36:32  cron
2005-10-24 11:36:32  job #1 file not found `alle 2 Minuten ...`
2005-10-24 11:36:32  done

2005-10-24 11:38:06  cron
2005-10-24 11:38:06  job #1 file not found `alle 2 Minuten ...`
2005-10-24 11:38:06  done

2005-10-24 11:39:56  cron
2005-10-24 11:39:56  done

2005-10-24 11:40:18  cron
2005-10-24 11:40:18  job #1 file not found `alle 2 Minuten ...`
2005-10-24 11:40:18  done

2005-10-24 11:41:08  cron
2005-10-24 11:41:08  done

2005-10-24 11:42:18  cron
2005-10-24 11:42:18  job #1 file not found `alle 2 Minuten ...`
2005-10-24 11:42:18  done

2005-10-24 11:43:19  cron
2005-10-24 11:43:19  done

2005-10-24 11:44:14  cron
2005-10-24 11:44:14  job #1 file not found `alle 2 Minuten ...`
2005-10-24 11:44:14  done

2005-10-24 11:47:12  cron
2005-10-24 11:47:12  done

2005-10-24 11:48:09  cron
2005-10-24 11:48:09  job #1 file not found `alle 2 Minuten ...`
2005-10-24 11:48:09  done

2005-10-24 11:49:28  cron
2005-10-24 11:49:28  done

2005-10-24 11:50:12  cron
2005-10-24 11:50:12  job #1 file not found `alle 2 Minuten ...`
2005-10-24 11:50:12  done

2005-10-24 11:51:04  cron
2005-10-24 11:51:04  done

2005-10-24 11:52:04  cron
2005-10-24 11:52:04  job #1 file not found `alle 2 Minuten ...`
2005-10-24 11:52:04  done

2005-10-24 11:58:42  cron
2005-10-24 11:58:42  job #1 file not found `alle 2 Minuten ...`
2005-10-24 11:58:42  done

2005-10-24 12:01:36  cron
2005-10-24 12:01:36  done

2005-10-24 12:02:20  cron
2005-10-24 12:02:20  job #1 file not found `alle 2 Minuten ...`
2005-10-24 12:02:20  done

2005-10-24 12:10:12  cron
2005-10-24 12:10:12  job #1 file not found `alle 2 Minuten ...`
2005-10-24 12:10:12  done

2005-10-24 12:14:06  cron
2005-10-24 12:14:06  job #1 file not found `alle 2 Minuten ...`
2005-10-24 12:14:06  done

2005-10-24 12:16:38  cron
2005-10-24 12:16:38  job #1 file not found `alle 2 Minuten ...`
2005-10-24 12:16:38  done

2005-10-24 12:17:14  cron
2005-10-24 12:17:14  done

2005-10-24 12:18:43  cron
2005-10-24 12:18:43  job #1 file not found `alle 2 Minuten ...`
2005-10-24 12:18:43  done

2005-10-24 12:20:08  cron
2005-10-24 12:20:08  job #1 file not found `alle 2 Minuten ...`
2005-10-24 12:20:08  done

2005-10-24 12:21:21  cron
2005-10-24 12:21:21  done

2005-10-24 12:23:44  cron
2005-10-24 12:23:44  done

2005-10-24 12:24:00  cron
2005-10-24 12:24:00  job #1 file not found `alle 2 Minuten ...`
2005-10-24 12:24:00  done

2005-10-24 12:25:29  cron
2005-10-24 12:25:29  done

2005-10-24 12:26:08  cron
2005-10-24 12:26:08  job #1 file not found `alle 2 Minuten ...`
2005-10-24 12:26:08  done

2005-10-24 12:27:49  cron
2005-10-24 12:27:49  done

2005-10-24 12:28:02  cron
2005-10-24 12:28:02  job #1 file not found `alle 2 Minuten ...`
2005-10-24 12:28:02  done

2005-10-24 12:29:00  cron
2005-10-24 12:29:00  done

2005-10-24 12:44:22  cron
2005-10-24 12:44:22  job #1 file not found `alle 2 Minuten ...`
2005-10-24 12:44:22  done

2005-10-24 12:45:10  cron
2005-10-24 12:45:10  done

2005-10-24 12:46:00  cron
2005-10-24 12:46:00  job #1 file not found `alle 2 Minuten ...`
2005-10-24 12:46:00  done

2005-10-24 12:47:04  cron
2005-10-24 12:47:04  done

2005-10-24 12:49:08  cron
2005-10-24 12:49:08  done

2005-10-24 12:50:07  cron
2005-10-24 12:50:07  job #1 file not found `alle 2 Minuten ...`
2005-10-24 12:50:07  done

2005-10-24 12:52:28  cron
2005-10-24 12:52:28  job #1 file not found `alle 2 Minuten ...`
2005-10-24 12:52:28  done

2005-10-24 13:12:38  cron
2005-10-24 13:12:38  job #1 file not found `alle 2 Minuten ...`
2005-10-24 13:12:38  done

2005-10-24 13:13:13  cron
2005-10-24 13:13:13  done

2005-10-24 13:14:47  cron
2005-10-24 13:14:47  job #1 file not found `alle 2 Minuten ...`
2005-10-24 13:14:47  done

2005-10-24 13:15:51  cron
2005-10-24 13:15:51  done

2005-10-24 13:17:23  cron
2005-10-24 13:17:23  done

2005-10-24 13:18:03  cron
2005-10-24 13:18:03  job #1 file not found `alle 2 Minuten ...`
2005-10-24 13:18:03  done

2005-10-24 13:20:36  cron
2005-10-24 13:20:36  job #1 file not found `alle 2 Minuten ...`
2005-10-24 13:20:36  done

2005-10-24 13:21:09  cron
2005-10-24 13:21:09  done

2005-10-24 13:22:15  cron
2005-10-24 13:22:15  job #1 file not found `alle 2 Minuten ...`
2005-10-24 13:22:15  done

2005-10-24 13:23:01  cron
2005-10-24 13:23:01  done

2005-10-24 13:24:14  cron
2005-10-24 13:24:15  job #1 file not found `alle 2 Minuten ...`
2005-10-24 13:24:15  done

2005-10-24 13:25:28  cron
2005-10-24 13:25:28  done

2005-10-24 13:26:26  cron
2005-10-24 13:26:26  job #1 file not found `alle 2 Minuten ...`
2005-10-24 13:26:26  done

2005-10-24 13:27:18  cron
2005-10-24 13:27:18  done

2005-10-24 13:28:00  cron
2005-10-24 13:28:00  job #1 file not found `alle 2 Minuten ...`
2005-10-24 13:28:00  done

2005-10-24 13:29:09  cron
2005-10-24 13:29:09  done

2005-10-24 13:34:36  cron
2005-10-24 13:34:36  job #1 file not found `alle 2 Minuten ...`
2005-10-24 13:34:36  done

2005-10-24 13:35:36  cron
2005-10-24 13:35:36  done

2005-10-24 13:41:22  cron
2005-10-24 13:41:22  done

2005-10-24 13:42:42  cron
2005-10-24 13:42:42  job #1 file not found `alle 2 Minuten ...`
2005-10-24 13:42:42  done

2005-10-24 13:43:39  cron
2005-10-24 13:43:39  done

2005-10-24 13:44:21  cron
2005-10-24 13:44:21  job #1 file not found `alle 2 Minuten ...`
2005-10-24 13:44:21  done

2005-10-24 13:45:01  cron
2005-10-24 13:45:01  done

2005-10-24 13:46:17  cron
2005-10-24 13:46:17  job #1 file not found `alle 2 Minuten ...`
2005-10-24 13:46:17  done

2005-10-24 13:52:14  cron
2005-10-24 13:52:14  job #1 file not found `alle 2 Minuten ...`
2005-10-24 13:52:14  done

2005-10-24 13:53:19  cron
2005-10-24 13:53:19  done

2005-10-24 13:54:16  cron
2005-10-24 13:54:16  job #1 file not found `alle 2 Minuten ...`
2005-10-24 13:54:16  done

2005-10-24 13:55:02  cron
2005-10-24 13:55:02  done

2005-10-24 13:56:16  cron
2005-10-24 13:56:16  job #1 file not found `alle 2 Minuten ...`
2005-10-24 13:56:16  done

2005-10-24 13:57:40  cron
2005-10-24 13:57:40  done

2005-10-24 13:58:00  cron
2005-10-24 13:58:00  job #1 file not found `alle 2 Minuten ...`
2005-10-24 13:58:00  done

2005-10-24 13:59:02  cron
2005-10-24 13:59:02  done

2005-10-24 14:00:26  cron
2005-10-24 14:00:26  job #1 file not found `alle 2 Minuten ...`
2005-10-24 14:00:26  done

2005-10-24 14:02:28  cron
2005-10-24 14:02:28  job #1 file not found `alle 2 Minuten ...`
2005-10-24 14:02:28  done

2005-10-24 14:08:58  cron
2005-10-24 14:08:58  job #1 file not found `alle 2 Minuten ...`
2005-10-24 14:08:58  done

2005-10-24 14:09:06  cron
2005-10-24 14:09:06  done

2005-10-24 14:10:33  cron
2005-10-24 14:10:33  job #1 file not found `alle 2 Minuten ...`
2005-10-24 14:10:33  done

2005-10-24 14:12:25  cron
2005-10-24 14:12:25  job #1 file not found `alle 2 Minuten ...`
2005-10-24 14:12:25  done

2005-10-24 14:13:35  cron
2005-10-24 14:13:35  done

2005-10-24 14:14:23  cron
2005-10-24 14:14:23  job #1 file not found `alle 2 Minuten ...`
2005-10-24 14:14:23  done

2005-10-24 14:15:02  cron
2005-10-24 14:15:02  done

2005-10-24 14:16:49  cron
2005-10-24 14:16:49  job #1 file not found `alle 2 Minuten ...`
2005-10-24 14:16:49  done

2005-10-24 14:17:10  cron
2005-10-24 14:17:10  done

2005-10-24 14:19:55  cron
2005-10-24 14:19:55  done

2005-10-24 14:20:00  cron
2005-10-24 14:20:00  job #1 file not found `alle 2 Minuten ...`
2005-10-24 14:20:00  done

2005-10-24 14:21:29  cron
2005-10-24 14:21:29  done

2005-10-24 14:22:09  cron
2005-10-24 14:22:09  job #1 file not found `alle 2 Minuten ...`
2005-10-24 14:22:09  done

2005-10-24 14:26:27  cron
2005-10-24 14:26:27  job #1 file not found `alle 2 Minuten ...`
2005-10-24 14:26:27  done

2005-10-24 14:27:01  cron
2005-10-24 14:27:01  done

2005-10-24 14:28:39  cron
2005-10-24 14:28:39  job #1 file not found `alle 2 Minuten ...`
2005-10-24 14:28:39  done

2005-10-24 14:29:02  cron
2005-10-24 14:29:02  done

2005-10-24 14:30:15  cron
2005-10-24 14:30:15  job #1 file not found `alle 2 Minuten ...`
2005-10-24 14:30:15  done

2005-10-24 14:31:37  cron
2005-10-24 14:31:37  done

2005-10-24 14:36:58  cron
2005-10-24 14:36:58  job #1 file not found `alle 2 Minuten ...`
2005-10-24 14:36:58  done

2005-10-24 14:37:17  cron
2005-10-24 14:37:17  done

2005-10-24 14:38:22  cron
2005-10-24 14:38:22  job #1 file not found `alle 2 Minuten ...`
2005-10-24 14:38:22  done

2005-10-24 14:39:44  cron
2005-10-24 14:39:44  done

2005-10-24 14:40:02  cron
2005-10-24 14:40:02  job #1 file not found `alle 2 Minuten ...`
2005-10-24 14:40:02  done

2005-10-24 14:42:27  cron
2005-10-24 14:42:27  job #1 file not found `alle 2 Minuten ...`
2005-10-24 14:42:27  done

2005-10-24 14:44:42  cron
2005-10-24 14:44:42  job #1 file not found `alle 2 Minuten ...`
2005-10-24 14:44:42  done

2005-10-24 14:45:23  cron
2005-10-24 14:45:23  done

2005-10-24 14:47:48  cron
2005-10-24 14:47:48  done

2005-10-24 14:49:45  cron
2005-10-24 14:49:45  done

2005-10-24 14:50:04  cron
2005-10-24 14:50:04  job #1 file not found `alle 2 Minuten ...`
2005-10-24 14:50:04  done

2005-10-24 14:51:21  cron
2005-10-24 14:51:21  done

2005-10-24 14:52:12  cron
2005-10-24 14:52:12  job #1 file not found `alle 2 Minuten ...`
2005-10-24 14:52:12  done

2005-10-24 14:53:12  cron
2005-10-24 14:53:12  done

2005-10-24 14:54:19  cron
2005-10-24 14:54:19  job #1 file not found `alle 2 Minuten ...`
2005-10-24 14:54:19  done

2005-10-24 14:55:02  cron
2005-10-24 14:55:02  done

2005-10-24 15:19:41  cron
2005-10-24 15:19:41  done

2005-10-24 15:26:05  cron
2005-10-24 15:26:05  job #1 file not found `alle 2 Minuten ...`
2005-10-24 15:26:05  done

2005-10-24 15:27:33  cron
2005-10-24 15:27:33  done

2005-10-24 15:32:44  cron
2005-10-24 15:32:44  job #1 file not found `alle 2 Minuten ...`
2005-10-24 15:32:44  done

2005-10-24 15:33:00  cron
2005-10-24 15:33:00  done

2005-10-24 16:35:51  cron
2005-10-24 16:35:51  done

2005-10-24 17:18:03  cron
2005-10-24 17:18:03  job #1 file not found `alle 2 Minuten ...`
2005-10-24 17:18:03  done

2005-10-24 17:19:13  cron
2005-10-24 17:19:13  done

2005-10-24 17:20:05  cron
2005-10-24 17:20:06  job #1 file not found `alle 2 Minuten ...`
2005-10-24 17:20:06  done

2005-10-24 17:21:18  cron
2005-10-24 17:21:18  done

2005-10-24 17:22:00  cron
2005-10-24 17:22:00  job #1 file not found `alle 2 Minuten ...`
2005-10-24 17:22:00  done

2005-10-24 17:23:04  cron
2005-10-24 17:23:04  done

2005-10-24 17:59:14  cron
2005-10-24 17:59:14  done

2005-10-24 18:02:48  cron
2005-10-24 18:02:48  job #1 file not found `alle 2 Minuten ...`
2005-10-24 18:02:48  done

2005-10-24 18:09:35  cron
2005-10-24 18:09:35  done

2005-10-24 18:11:40  cron
2005-10-24 18:11:40  done

2005-10-24 18:12:12  cron
2005-10-24 18:12:12  job #1 file not found `alle 2 Minuten ...`
2005-10-24 18:12:12  done

2005-10-24 18:13:02  cron
2005-10-24 18:13:02  done

2005-10-24 18:14:18  cron
2005-10-24 18:14:18  job #1 file not found `alle 2 Minuten ...`
2005-10-24 18:14:18  done

2005-10-24 18:15:00  cron
2005-10-24 18:15:00  done

2005-10-24 18:16:05  cron
2005-10-24 18:16:05  job #1 file not found `alle 2 Minuten ...`
2005-10-24 18:16:05  done

2005-10-24 18:17:31  cron
2005-10-24 18:17:31  done

2005-10-24 18:18:09  cron
2005-10-24 18:18:09  job #1 file not found `alle 2 Minuten ...`
2005-10-24 18:18:09  done

2005-10-24 18:19:39  cron
2005-10-24 18:19:39  done

2005-10-24 18:20:17  cron
2005-10-24 18:20:17  job #1 file not found `alle 2 Minuten ...`
2005-10-24 18:20:17  done

2005-10-24 18:21:12  cron
2005-10-24 18:21:12  done

2005-10-24 18:22:46  cron
2005-10-24 18:22:46  job #1 file not found `alle 2 Minuten ...`
2005-10-24 18:22:46  done

2005-10-24 18:23:15  cron
2005-10-24 18:23:15  done

2005-10-24 18:24:37  cron
2005-10-24 18:24:37  job #1 file not found `alle 2 Minuten ...`
2005-10-24 18:24:37  done

2005-10-24 18:27:30  cron
2005-10-24 18:27:30  done

2005-10-24 18:28:15  cron
2005-10-24 18:28:15  job #1 file not found `alle 2 Minuten ...`
2005-10-24 18:28:15  done

2005-10-24 18:29:02  cron
2005-10-24 18:29:02  done

2005-10-24 18:30:38  cron
2005-10-24 18:30:38  job #1 file not found `alle 2 Minuten ...`
2005-10-24 18:30:38  done

2005-10-24 18:36:57  cron
2005-10-24 18:36:57  job #1 file not found `alle 2 Minuten ...`
2005-10-24 18:36:57  done

2005-10-24 18:37:05  cron
2005-10-24 18:37:05  done

2005-10-24 18:38:09  cron
2005-10-24 18:38:09  job #1 file not found `alle 2 Minuten ...`
2005-10-24 18:38:09  done

2005-10-24 18:39:10  cron
2005-10-24 18:39:10  done

2005-10-24 18:41:02  cron
2005-10-24 18:41:02  done

2005-10-25 09:34:24  cron
2005-10-25 09:34:24  job #1 file not found `alle 2 Minuten ...`
2005-10-25 09:34:24  done

2005-10-25 10:36:53  cron
2005-10-25 10:36:53  job #1 file not found `alle 2 Minuten ...`
2005-10-25 10:36:53  done

2005-10-25 10:37:11  cron
2005-10-25 10:37:11  done

2005-10-25 10:44:09  cron
2005-10-25 10:44:09  job #1 file not found `alle 2 Minuten ...`
2005-10-25 10:44:09  done

2005-10-25 10:45:04  cron
2005-10-25 10:45:04  done

2005-10-25 10:48:43  cron
2005-10-25 10:48:43  job #1 file not found `alle 2 Minuten ...`
2005-10-25 10:48:43  done

2005-10-25 10:50:51  cron
2005-10-25 10:50:51  job #1 file not found `alle 2 Minuten ...`
2005-10-25 10:50:51  done

2005-10-25 10:58:08  cron
2005-10-25 10:58:08  job #1 file not found `alle 2 Minuten ...`
2005-10-25 10:58:08  done

2005-10-25 10:59:13  cron
2005-10-25 10:59:13  done

2005-10-25 11:00:23  cron
2005-10-25 11:00:23  job #1 file not found `alle 2 Minuten ...`
2005-10-25 11:00:23  done

2005-10-25 11:02:44  cron
2005-10-25 11:02:44  job #1 file not found `alle 2 Minuten ...`
2005-10-25 11:02:44  done

2005-10-25 11:17:37  cron
2005-10-25 11:17:37  done

2005-10-25 11:18:23  cron
2005-10-25 11:18:23  job #1 file not found `alle 2 Minuten ...`
2005-10-25 11:18:23  done

2005-10-25 11:19:10  cron
2005-10-25 11:19:10  done

2005-10-25 11:29:09  cron
2005-10-25 11:29:09  done

2005-10-25 11:41:43  cron
2005-10-25 11:41:44  done

2005-10-25 11:43:10  cron
2005-10-25 11:43:10  done

2005-10-25 11:44:48  cron
2005-10-25 11:44:48  job #1 file not found `alle 2 Minuten ...`
2005-10-25 11:44:48  done

2005-10-25 11:45:50  cron
2005-10-25 11:45:50  done

2005-10-25 11:46:27  cron
2005-10-25 11:46:27  job #1 file not found `alle 2 Minuten ...`
2005-10-25 11:46:27  done

2005-10-25 11:47:05  cron
2005-10-25 11:47:05  done

2005-10-25 11:48:22  cron
2005-10-25 11:48:22  job #1 file not found `alle 2 Minuten ...`
2005-10-25 11:48:22  done

2005-10-25 11:49:06  cron
2005-10-25 11:49:06  done

2005-10-25 11:52:35  cron
2005-10-25 11:52:35  job #1 file not found `alle 2 Minuten ...`
2005-10-25 11:52:35  done

2005-10-25 11:53:16  cron
2005-10-25 11:53:16  done

2005-10-25 11:54:32  cron
2005-10-25 11:54:32  job #1 file not found `alle 2 Minuten ...`
2005-10-25 11:54:32  done

2005-10-25 11:58:05  cron
2005-10-25 11:58:05  job #1 file not found `alle 2 Minuten ...`
2005-10-25 11:58:05  done

2005-10-25 11:59:01  cron
2005-10-25 11:59:01  done

2005-10-25 12:00:00  cron
2005-10-25 12:00:00  job #1 file not found `alle 2 Minuten ...`
2005-10-25 12:00:00  done

2005-10-25 12:01:15  cron
2005-10-25 12:01:15  done

2005-10-25 12:02:33  cron
2005-10-25 12:02:33  job #1 file not found `alle 2 Minuten ...`
2005-10-25 12:02:33  done

2005-10-25 12:03:16  cron
2005-10-25 12:03:16  done

2005-10-25 12:04:13  cron
2005-10-25 12:04:13  job #1 file not found `alle 2 Minuten ...`
2005-10-25 12:04:13  done

2005-10-25 12:05:20  cron
2005-10-25 12:05:20  done

2005-10-25 12:07:12  cron
2005-10-25 12:07:16  done

2005-10-25 12:07:18  cron
2005-10-25 12:07:18  done

2005-10-25 12:08:18  cron
2005-10-25 12:08:18  job #1 file not found `alle 2 Minuten ...`
2005-10-25 12:08:18  done

2005-10-25 12:09:21  cron
2005-10-25 12:09:22  done

2005-10-25 12:10:08  cron
2005-10-25 12:10:08  job #1 file not found `alle 2 Minuten ...`
2005-10-25 12:10:08  done

2005-10-25 12:11:14  cron
2005-10-25 12:11:14  done

2005-10-25 12:12:23  cron
2005-10-25 12:12:23  job #1 file not found `alle 2 Minuten ...`
2005-10-25 12:12:23  done

2005-10-25 12:13:40  cron
2005-10-25 12:13:40  done

2005-10-25 12:17:55  cron
2005-10-25 12:17:55  done

2005-10-25 12:18:00  cron
2005-10-25 12:18:00  job #1 file not found `alle 2 Minuten ...`
2005-10-25 12:18:00  done

2005-10-25 12:19:06  cron
2005-10-25 12:19:06  done

2005-10-25 12:20:46  cron
2005-10-25 12:20:46  job #1 file not found `alle 2 Minuten ...`
2005-10-25 12:20:46  done

2005-10-25 12:21:28  cron
2005-10-25 12:21:28  done

2005-10-25 12:22:06  cron
2005-10-25 12:22:06  job #1 file not found `alle 2 Minuten ...`
2005-10-25 12:22:06  done

2005-10-25 12:23:12  cron
2005-10-25 12:23:12  done

2005-10-25 12:24:23  cron
2005-10-25 12:24:23  job #1 file not found `alle 2 Minuten ...`
2005-10-25 12:24:23  done

2005-10-25 12:27:43  cron
2005-10-25 12:27:43  done

2005-10-25 12:37:53  cron
2005-10-25 12:37:53  done

2005-10-25 12:38:05  cron
2005-10-25 12:38:05  job #1 file not found `alle 2 Minuten ...`
2005-10-25 12:38:05  done

2005-10-25 12:49:20  cron
2005-10-25 12:49:20  done

2005-10-25 13:01:07  cron
2005-10-25 13:01:07  done

2005-10-25 14:47:22  cron
2005-10-25 14:47:22  done

2005-10-25 14:54:47  cron
2005-10-25 14:54:47  job #1 file not found `alle 2 Minuten ...`
2005-10-25 14:54:47  done

2005-10-25 14:57:37  cron
2005-10-25 14:57:37  done

2005-10-25 14:59:56  cron
2005-10-25 14:59:56  done

2005-10-25 15:01:45  cron
2005-10-25 15:01:45  done

2005-10-25 15:02:08  cron
2005-10-25 15:02:08  job #1 file not found `alle 2 Minuten ...`
2005-10-25 15:02:08  done

2005-10-25 15:03:10  cron
2005-10-25 15:03:10  done

2005-10-25 15:04:19  cron
2005-10-25 15:04:19  job #1 file not found `alle 2 Minuten ...`
2005-10-25 15:04:19  done

2005-10-25 15:05:16  cron
2005-10-25 15:05:16  done

2005-10-25 15:06:17  cron
2005-10-25 15:06:17  job #1 file not found `alle 2 Minuten ...`
2005-10-25 15:06:18  done

2005-10-25 15:07:02  cron
2005-10-25 15:07:02  done

2005-10-25 15:08:02  cron
2005-10-25 15:08:02  job #1 file not found `alle 2 Minuten ...`
2005-10-25 15:08:02  done

2005-10-25 15:09:38  cron
2005-10-25 15:09:38  done

2005-10-25 15:10:00  cron
2005-10-25 15:10:00  job #1 file not found `alle 2 Minuten ...`
2005-10-25 15:10:00  done

2005-10-25 15:11:46  cron
2005-10-25 15:11:46  done

2005-10-25 15:12:33  cron
2005-10-25 15:12:33  job #1 file not found `alle 2 Minuten ...`
2005-10-25 15:12:33  done

2005-10-25 15:13:38  cron
2005-10-25 15:13:38  done

2005-10-25 15:14:09  cron
2005-10-25 15:14:09  job #1 file not found `alle 2 Minuten ...`
2005-10-25 15:14:09  done

2005-10-25 15:16:23  cron
2005-10-25 15:16:23  job #1 file not found `alle 2 Minuten ...`
2005-10-25 15:16:23  done

2005-10-25 15:17:25  cron
2005-10-25 15:17:25  done

2005-10-25 15:19:17  cron
2005-10-25 15:19:17  done

2005-10-25 15:20:07  cron
2005-10-25 15:20:07  job #1 file not found `alle 2 Minuten ...`
2005-10-25 15:20:07  done

2005-10-25 15:21:07  cron
2005-10-25 15:21:07  done

2005-10-25 15:22:03  cron
2005-10-25 15:22:03  job #1 file not found `alle 2 Minuten ...`
2005-10-25 15:22:03  done

2005-10-25 15:23:03  cron
2005-10-25 15:23:03  done

2005-10-25 15:24:08  cron
2005-10-25 15:24:08  job #1 file not found `alle 2 Minuten ...`
2005-10-25 15:24:08  done

2005-10-25 15:25:03  cron
2005-10-25 15:25:03  done

2005-10-25 15:27:39  cron
2005-10-25 15:27:39  done

2005-10-25 15:29:26  cron
2005-10-25 15:29:26  done

2005-10-25 15:30:12  cron
2005-10-25 15:30:12  job #1 file not found `alle 2 Minuten ...`
2005-10-25 15:30:12  done

2005-10-25 15:31:27  cron
2005-10-25 15:31:27  done

2005-10-25 15:32:27  cron
2005-10-25 15:32:28  job #1 file not found `alle 2 Minuten ...`
2005-10-25 15:32:28  done

2005-10-25 15:34:14  cron
2005-10-25 15:34:14  job #1 file not found `alle 2 Minuten ...`
2005-10-25 15:34:14  done

2005-10-25 15:35:26  cron
2005-10-25 15:35:26  done

2005-10-25 15:40:17  cron
2005-10-25 15:40:17  job #1 file not found `alle 2 Minuten ...`
2005-10-25 15:40:17  done

2005-10-25 15:42:01  cron
2005-10-25 15:42:01  job #1 file not found `alle 2 Minuten ...`
2005-10-25 15:42:01  done

2005-10-25 15:43:01  cron
2005-10-25 15:43:01  done

2005-10-25 15:44:55  cron
2005-10-25 15:44:55  job #1 file not found `alle 2 Minuten ...`
2005-10-25 15:44:55  done

2005-10-25 15:55:40  cron
2005-10-25 15:55:40  done

2005-10-25 15:56:04  cron
2005-10-25 15:56:04  job #1 file not found `alle 2 Minuten ...`
2005-10-25 15:56:04  done

2005-10-25 15:57:19  cron
2005-10-25 15:57:20  done

2005-10-25 15:58:13  cron
2005-10-25 15:58:13  job #1 file not found `alle 2 Minuten ...`
2005-10-25 15:58:13  done

2005-10-25 15:59:24  cron
2005-10-25 15:59:24  done

2005-10-25 16:01:37  cron
2005-10-25 16:01:37  done

2005-10-25 16:02:23  cron
2005-10-25 16:02:23  job #1 file not found `alle 2 Minuten ...`
2005-10-25 16:02:23  done

2005-10-25 16:05:08  cron
2005-10-25 16:05:08  done

2005-10-25 16:06:02  cron
2005-10-25 16:06:02  job #1 file not found `alle 2 Minuten ...`
2005-10-25 16:06:02  done

2005-10-25 16:07:09  cron
2005-10-25 16:07:09  done

2005-10-25 16:15:22  cron
2005-10-25 16:15:22  done

2005-10-25 16:16:06  cron
2005-10-25 16:16:06  job #1 file not found `alle 2 Minuten ...`
2005-10-25 16:16:06  done

2005-10-25 16:17:18  cron
2005-10-25 16:17:18  done

2005-10-25 16:18:14  cron
2005-10-25 16:18:14  job #1 file not found `alle 2 Minuten ...`
2005-10-25 16:18:14  done

2005-10-25 16:19:30  cron
2005-10-25 16:19:30  done

2005-10-25 16:20:04  cron
2005-10-25 16:20:04  job #1 file not found `alle 2 Minuten ...`
2005-10-25 16:20:04  done

2005-10-25 16:21:00  cron
2005-10-25 16:21:00  done

2005-10-25 16:23:30  cron
2005-10-25 16:23:30  done

2005-10-25 16:24:00  cron
2005-10-25 16:24:00  job #1 file not found `alle 2 Minuten ...`
2005-10-25 16:24:00  done

2005-10-25 16:32:02  cron
2005-10-25 16:32:02  job #1 file not found `alle 2 Minuten ...`
2005-10-25 16:32:02  done

2005-10-25 16:33:44  cron
2005-10-25 16:33:44  done

2005-10-25 16:34:23  cron
2005-10-25 16:34:23  job #1 file not found `alle 2 Minuten ...`
2005-10-25 16:34:23  done

2005-10-25 16:35:05  cron
2005-10-25 16:35:05  done

2005-10-26 09:22:33  cron
2005-10-26 09:22:33  job #1 file not found `alle 2 Minuten ...`
2005-10-26 09:22:33  done

2005-10-26 09:34:01  cron
2005-10-26 09:34:01  job #1 file not found `alle 2 Minuten ...`
2005-10-26 09:34:01  done

2005-10-26 10:46:04  cron
2005-10-26 10:46:04  job #1 file not found `alle 2 Minuten ...`
2005-10-26 10:46:04  done

2005-10-27 11:46:34  cron
2005-10-27 11:46:35  job #1 file not found `alle 2 Minuten ...`
2005-10-27 11:46:35  done

2005-10-27 11:52:36  cron
2005-10-27 11:52:36  job #1 file not found `alle 2 Minuten ...`
2005-10-27 11:52:36  done

2005-10-27 12:03:42  cron
2005-10-27 12:03:42  done

2005-10-27 12:04:22  cron
2005-10-27 12:04:22  job #1 file not found `alle 2 Minuten ...`
2005-10-27 12:04:22  done

2005-10-27 12:08:01  cron
2005-10-27 12:08:01  job #1 file not found `alle 2 Minuten ...`
2005-10-27 12:08:01  done

2005-10-27 12:09:15  cron
2005-10-27 12:09:15  done

2005-10-27 12:10:06  cron
2005-10-27 12:10:06  job #1 file not found `alle 2 Minuten ...`
2005-10-27 12:10:06  done

2005-10-27 12:11:08  cron
2005-10-27 12:11:08  done

2005-10-27 12:12:16  cron
2005-10-27 12:12:16  job #1 file not found `alle 2 Minuten ...`
2005-10-27 12:12:16  done

2005-10-27 12:13:05  cron
2005-10-27 12:13:05  done

2005-10-27 12:14:00  cron
2005-10-27 12:14:00  job #1 file not found `alle 2 Minuten ...`
2005-10-27 12:14:00  done

2005-10-27 12:15:14  cron
2005-10-27 12:15:14  done

2005-10-27 12:16:13  cron
2005-10-27 12:16:13  job #1 file not found `alle 2 Minuten ...`
2005-10-27 12:16:13  done

2005-10-27 12:17:03  cron
2005-10-27 12:17:03  done

2005-10-27 12:18:10  cron
2005-10-27 12:18:10  job #1 file not found `alle 2 Minuten ...`
2005-10-27 12:18:10  done

2005-10-27 12:19:22  cron
2005-10-27 12:19:22  done

2005-10-27 12:21:17  cron
2005-10-27 12:21:17  done

2005-10-27 12:33:53  cron
2005-10-27 12:33:53  done

2005-10-27 12:38:30  cron
2005-10-27 12:38:30  job #1 file not found `alle 2 Minuten ...`
2005-10-27 12:38:30  done

2005-10-27 12:40:23  cron
2005-10-27 12:40:23  job #1 file not found `alle 2 Minuten ...`
2005-10-27 12:40:23  done

2005-10-27 12:42:16  cron
2005-10-27 12:42:16  job #1 file not found `alle 2 Minuten ...`
2005-10-27 12:42:16  done

2005-10-27 12:43:09  cron
2005-10-27 12:43:09  done

2005-10-27 12:44:23  cron
2005-10-27 12:44:23  job #1 file not found `alle 2 Minuten ...`
2005-10-27 12:44:23  done

2005-10-27 12:45:14  cron
2005-10-27 12:45:14  done

2005-10-27 12:46:12  cron
2005-10-27 12:46:12  job #1 file not found `alle 2 Minuten ...`
2005-10-27 12:46:12  done

2005-10-27 12:47:28  cron
2005-10-27 12:47:28  done

2005-10-27 12:49:08  cron
2005-10-27 12:49:08  done

2005-10-27 12:54:45  cron
2005-10-27 12:54:45  job #1 file not found `alle 2 Minuten ...`
2005-10-27 12:54:45  done

2005-10-27 12:55:18  cron
2005-10-27 12:55:18  done

2005-10-27 12:57:44  cron
2005-10-27 12:57:44  done

2005-10-27 12:58:14  cron
2005-10-27 12:58:14  job #1 file not found `alle 2 Minuten ...`
2005-10-27 12:58:14  done

2005-10-27 12:59:26  cron
2005-10-27 12:59:26  done

2005-10-27 13:00:11  cron
2005-10-27 13:00:11  job #1 file not found `alle 2 Minuten ...`
2005-10-27 13:00:11  done

2005-10-27 13:05:26  cron
2005-10-27 13:05:26  done

2005-10-27 13:06:13  cron
2005-10-27 13:06:13  job #1 file not found `alle 2 Minuten ...`
2005-10-27 13:06:13  done

2005-10-27 13:07:34  cron
2005-10-27 13:07:34  done

2005-10-27 13:08:33  cron
2005-10-27 13:08:33  job #1 file not found `alle 2 Minuten ...`
2005-10-27 13:08:33  done

2005-10-27 13:09:04  cron
2005-10-27 13:09:04  done

2005-10-27 13:10:04  cron
2005-10-27 13:10:04  job #1 file not found `alle 2 Minuten ...`
2005-10-27 13:10:04  done

2005-10-27 13:16:25  cron
2005-10-27 13:16:25  job #1 file not found `alle 2 Minuten ...`
2005-10-27 13:16:25  done

2005-10-27 13:19:06  cron
2005-10-27 13:19:06  done

2005-10-27 13:27:25  cron
2005-10-27 13:27:25  done

2005-10-27 13:28:00  cron
2005-10-27 13:28:00  job #1 file not found `alle 2 Minuten ...`
2005-10-27 13:28:00  done

2005-10-27 13:29:26  cron
2005-10-27 13:29:26  done

2005-10-27 13:30:04  cron
2005-10-27 13:30:04  job #1 file not found `alle 2 Minuten ...`
2005-10-27 13:30:04  done

2005-10-27 13:31:00  cron
2005-10-27 13:31:00  done

2005-10-27 13:32:15  cron
2005-10-27 13:32:15  job #1 file not found `alle 2 Minuten ...`
2005-10-27 13:32:15  done

2005-10-27 13:33:13  cron
2005-10-27 13:33:13  done

2005-10-27 13:34:15  cron
2005-10-27 13:34:15  job #1 file not found `alle 2 Minuten ...`
2005-10-27 13:34:15  done

2005-10-27 16:39:26  cron
2005-10-27 16:39:26  done

2005-11-02 11:08:55  cron
2005-11-02 11:08:55  job #1 file not found `alle 2 Minuten ...`
2005-11-02 11:08:55  done

2005-11-02 11:09:04  cron
2005-11-02 11:09:04  done

2005-11-02 11:16:10  cron
2005-11-02 11:16:10  job #1 file not found `alle 2 Minuten ...`
2005-11-02 11:16:10  done

2005-11-02 11:17:35  cron
2005-11-02 11:17:35  done

2005-11-02 11:18:56  cron
2005-11-02 11:18:56  job #1 file not found `alle 2 Minuten ...`
2005-11-02 11:18:56  done

2005-11-02 11:19:11  cron
2005-11-02 11:19:11  done

2005-11-02 11:20:10  cron
2005-11-02 11:20:10  job #1 file not found `alle 2 Minuten ...`
2005-11-02 11:20:10  done

2005-11-02 11:21:51  cron
2005-11-02 11:21:51  done

2005-11-02 11:22:00  cron
2005-11-02 11:22:00  job #1 file not found `alle 2 Minuten ...`
2005-11-02 11:22:00  done

2005-11-02 11:23:40  cron
2005-11-02 11:23:40  done

2005-11-02 11:27:58  cron
2005-11-02 11:27:58  done

2005-11-02 11:28:01  cron
2005-11-02 11:28:01  job #1 file not found `alle 2 Minuten ...`
2005-11-02 11:28:01  done

2005-11-02 11:29:35  cron
2005-11-02 11:29:35  done

2005-11-02 11:30:27  cron
2005-11-02 11:30:27  job #1 file not found `alle 2 Minuten ...`
2005-11-02 11:30:27  done

2005-11-02 11:31:03  cron
2005-11-02 11:31:03  done

2005-11-02 11:32:01  cron
2005-11-02 11:32:01  job #1 file not found `alle 2 Minuten ...`
2005-11-02 11:32:01  done

2005-11-02 11:33:13  cron
2005-11-02 11:33:13  done

2005-11-02 11:34:21  cron
2005-11-02 11:34:21  job #1 file not found `alle 2 Minuten ...`
2005-11-02 11:34:21  done

2005-11-02 11:35:03  cron
2005-11-02 11:35:03  done

2005-11-02 11:36:25  cron
2005-11-02 11:36:25  job #1 file not found `alle 2 Minuten ...`
2005-11-02 11:36:25  done

2005-11-02 11:44:51  cron
2005-11-02 11:44:51  job #1 file not found `alle 2 Minuten ...`
2005-11-02 11:44:51  done

2005-11-02 11:52:36  cron
2005-11-02 11:52:36  job #1 file not found `alle 2 Minuten ...`
2005-11-02 11:52:36  done

2005-11-02 11:53:15  cron
2005-11-02 11:53:15  done

2005-11-02 11:55:28  cron
2005-11-02 11:55:28  done

2005-11-02 11:56:01  cron
2005-11-02 11:56:01  job #1 file not found `alle 2 Minuten ...`
2005-11-02 11:56:01  done

2005-11-02 11:57:01  cron
2005-11-02 11:57:01  done

2005-11-02 11:58:15  cron
2005-11-02 11:58:15  job #1 file not found `alle 2 Minuten ...`
2005-11-02 11:58:15  done

2005-11-02 11:59:55  cron
2005-11-02 11:59:55  done

2005-11-02 12:02:48  cron
2005-11-02 12:02:48  job #1 file not found `alle 2 Minuten ...`
2005-11-02 12:02:48  done

2005-11-02 12:03:15  cron
2005-11-02 12:03:15  done

2005-11-02 12:04:47  cron
2005-11-02 12:04:47  job #1 file not found `alle 2 Minuten ...`
2005-11-02 12:04:47  done

2005-11-02 12:05:07  cron
2005-11-02 12:05:07  done

2005-11-02 12:06:03  cron
2005-11-02 12:06:03  job #1 file not found `alle 2 Minuten ...`
2005-11-02 12:06:03  done

2005-11-02 12:07:04  cron
2005-11-02 12:07:04  done

2005-11-02 12:09:28  cron
2005-11-02 12:09:28  done

2005-11-02 12:10:02  cron
2005-11-02 12:10:02  job #1 file not found `alle 2 Minuten ...`
2005-11-02 12:10:02  done

2005-11-02 12:11:11  cron
2005-11-02 12:11:11  done

2005-11-02 12:12:13  cron
2005-11-02 12:12:13  job #1 file not found `alle 2 Minuten ...`
2005-11-02 12:12:13  done

2005-11-02 12:13:27  cron
2005-11-02 12:13:27  done

2005-11-02 12:14:12  cron
2005-11-02 12:14:12  job #1 file not found `alle 2 Minuten ...`
2005-11-02 12:14:12  done

2005-11-02 12:15:05  cron
2005-11-02 12:15:05  done

2005-11-02 12:16:06  cron
2005-11-02 12:16:06  job #1 file not found `alle 2 Minuten ...`
2005-11-02 12:16:06  done

2005-11-02 12:18:46  cron
2005-11-02 12:18:46  job #1 file not found `alle 2 Minuten ...`
2005-11-02 12:18:46  done

2005-11-02 12:19:10  cron
2005-11-02 12:19:10  done

2005-11-02 12:20:14  cron
2005-11-02 12:20:14  job #1 file not found `alle 2 Minuten ...`
2005-11-02 12:20:14  done

2005-11-02 12:21:31  cron
2005-11-02 12:21:31  done

2005-11-02 12:22:39  cron
2005-11-02 12:22:39  job #1 file not found `alle 2 Minuten ...`
2005-11-02 12:22:39  done

2005-11-02 12:23:03  cron
2005-11-02 12:23:03  done

2005-11-02 12:24:37  cron
2005-11-02 12:24:37  job #1 file not found `alle 2 Minuten ...`
2005-11-02 12:24:37  done

2005-11-02 12:25:03  cron
2005-11-02 12:25:03  done

2005-11-02 12:26:36  cron
2005-11-02 12:26:36  job #1 file not found `alle 2 Minuten ...`
2005-11-02 12:26:36  done

2005-11-02 12:27:11  cron
2005-11-02 12:27:11  done

2005-11-02 12:28:03  cron
2005-11-02 12:28:03  job #1 file not found `alle 2 Minuten ...`
2005-11-02 12:28:03  done

2005-11-02 12:30:54  cron
2005-11-02 12:30:54  job #1 file not found `alle 2 Minuten ...`
2005-11-02 12:30:54  done

2005-11-02 12:31:14  cron
2005-11-02 12:31:14  done

2005-11-02 12:32:53  cron
2005-11-02 12:32:53  job #1 file not found `alle 2 Minuten ...`
2005-11-02 12:32:53  done

2005-11-02 12:33:40  cron
2005-11-02 12:33:40  done

2005-11-02 12:34:52  cron
2005-11-02 12:34:52  job #1 file not found `alle 2 Minuten ...`
2005-11-02 12:34:52  done

2005-11-02 12:35:31  cron
2005-11-02 12:35:31  done

2005-11-02 12:36:00  cron
2005-11-02 12:36:00  job #1 file not found `alle 2 Minuten ...`
2005-11-02 12:36:00  done

2005-11-02 13:06:56  cron
2005-11-02 13:06:56  job #1 file not found `alle 2 Minuten ...`
2005-11-02 13:06:56  done

2005-11-02 13:12:08  cron
2005-11-02 13:12:08  job #1 file not found `alle 2 Minuten ...`
2005-11-02 13:12:08  done

2005-11-02 13:15:33  cron
2005-11-02 13:15:33  done

2005-11-02 13:27:15  cron
2005-11-02 13:27:15  done

2005-11-02 13:29:05  cron
2005-11-02 13:29:05  done

2005-11-02 13:42:10  cron
2005-11-02 13:42:10  job #1 file not found `alle 2 Minuten ...`
2005-11-02 13:42:10  done

2005-11-02 14:11:39  cron
2005-11-02 14:11:39  done

2005-11-02 14:12:18  cron
2005-11-02 14:12:18  job #1 file not found `alle 2 Minuten ...`
2005-11-02 14:12:18  done

2005-11-02 14:14:37  cron
2005-11-02 14:14:37  job #1 file not found `alle 2 Minuten ...`
2005-11-02 14:14:37  done

2005-11-02 14:16:39  cron
2005-11-02 14:16:39  job #1 file not found `alle 2 Minuten ...`
2005-11-02 14:16:39  done

2005-11-02 14:17:11  cron
2005-11-02 14:17:11  done

2005-11-02 14:18:11  cron
2005-11-02 14:18:11  job #1 file not found `alle 2 Minuten ...`
2005-11-02 14:18:11  done

2005-11-02 14:22:46  cron
2005-11-02 14:22:46  job #1 file not found `alle 2 Minuten ...`
2005-11-02 14:22:46  done

2005-11-02 14:25:27  cron
2005-11-02 14:25:27  done

2005-11-02 14:26:34  cron
2005-11-02 14:26:34  job #1 file not found `alle 2 Minuten ...`
2005-11-02 14:26:34  done

2005-11-02 14:27:07  cron
2005-11-02 14:27:07  done

2005-11-02 14:28:14  cron
2005-11-02 14:28:14  job #1 file not found `alle 2 Minuten ...`
2005-11-02 14:28:14  done

2005-11-02 14:29:05  cron
2005-11-02 14:29:05  done

2005-11-02 14:30:31  cron
2005-11-02 14:30:31  job #1 file not found `alle 2 Minuten ...`
2005-11-02 14:30:31  done

2005-11-02 14:31:26  cron
2005-11-02 14:31:26  done

2005-11-02 14:32:08  cron
2005-11-02 14:32:08  job #1 file not found `alle 2 Minuten ...`
2005-11-02 14:32:08  done

2005-11-02 14:33:09  cron
2005-11-02 14:33:09  done

2005-11-02 14:34:14  cron
2005-11-02 14:34:14  job #1 file not found `alle 2 Minuten ...`
2005-11-02 14:34:14  done

2005-11-02 14:35:01  cron
2005-11-02 14:35:01  done

2005-11-02 14:36:40  cron
2005-11-02 14:36:40  job #1 file not found `alle 2 Minuten ...`
2005-11-02 14:36:40  done

2005-11-02 14:37:04  cron
2005-11-02 14:37:04  done

2005-11-02 14:39:50  cron
2005-11-02 14:39:50  done

2005-11-02 14:40:11  cron
2005-11-02 14:40:11  job #1 file not found `alle 2 Minuten ...`
2005-11-02 14:40:11  done

2005-11-02 14:41:19  cron
2005-11-02 14:41:19  done

2005-11-02 14:43:32  cron
2005-11-02 14:43:32  done

2005-11-02 14:46:29  cron
2005-11-02 14:46:29  job #1 file not found `alle 2 Minuten ...`
2005-11-02 14:46:29  done

2005-11-02 14:47:00  cron
2005-11-02 14:47:00  done

2005-11-02 14:48:08  cron
2005-11-02 14:48:08  job #1 file not found `alle 2 Minuten ...`
2005-11-02 14:48:08  done

2005-11-02 14:49:20  cron
2005-11-02 14:49:20  done

2005-11-02 14:51:22  cron
2005-11-02 14:51:22  done

2005-11-02 15:02:54  cron
2005-11-02 15:02:54  job #1 file not found `alle 2 Minuten ...`
2005-11-02 15:02:54  done

2005-11-02 15:03:12  cron
2005-11-02 15:03:12  done

2005-11-02 15:06:34  cron
2005-11-02 15:06:34  job #1 file not found `alle 2 Minuten ...`
2005-11-02 15:06:34  done

2005-11-02 15:07:57  cron
2005-11-02 15:07:57  done

2005-11-07 14:39:30  cron
2005-11-07 14:39:30  done

2005-11-07 14:40:18  cron
2005-11-07 14:40:18  job #1 file not found `alle 2 Minuten ...`
2005-11-07 14:40:18  done

2005-11-07 14:41:05  cron
2005-11-07 14:41:05  done

2005-11-07 14:48:24  cron
2005-11-07 14:48:24  job #1 file not found `alle 2 Minuten ...`
2005-11-07 14:48:24  done

2005-11-07 14:50:03  cron
2005-11-07 14:50:03  job #1 file not found `alle 2 Minuten ...`
2005-11-07 14:50:03  done

2005-11-07 14:53:42  cron
2005-11-07 14:53:42  done

2005-11-07 14:54:08  cron
2005-11-07 14:54:08  job #1 file not found `alle 2 Minuten ...`
2005-11-07 14:54:08  done

2005-11-07 14:58:24  cron
2005-11-07 14:58:24  job #1 file not found `alle 2 Minuten ...`
2005-11-07 14:58:24  done

2005-11-07 15:01:09  cron
2005-11-07 15:01:09  done

2005-11-07 15:04:10  cron
2005-11-07 15:04:10  job #1 file not found `alle 2 Minuten ...`
2005-11-07 15:04:10  done

2005-11-09 10:12:34  cron
2005-11-09 10:12:34  job #1 file not found `alle 2 Minuten ...`
2005-11-09 10:12:34  done

2005-11-09 10:13:03  cron
2005-11-09 10:13:03  done

2005-11-09 10:16:32  cron
2005-11-09 10:16:32  job #1 file not found `alle 2 Minuten ...`
2005-11-09 10:16:32  done

2005-11-09 10:17:21  cron
2005-11-09 10:17:21  done

2005-11-09 10:20:52  cron
2005-11-09 10:20:52  job #1 file not found `alle 2 Minuten ...`
2005-11-09 10:20:52  done

2005-11-09 10:23:52  cron
2005-11-09 10:23:52  done

2005-11-09 10:59:13  cron
2005-11-09 10:59:13  done

2005-11-09 14:37:22  cron
2005-11-09 14:37:22  done

2005-11-09 14:38:48  cron
2005-11-09 14:38:48  job #1 file not found `alle 2 Minuten ...`
2005-11-09 14:38:48  done

2005-11-09 14:39:20  cron
2005-11-09 14:39:20  done

2005-11-09 14:40:22  cron
2005-11-09 14:40:22  job #1 file not found `alle 2 Minuten ...`
2005-11-09 14:40:22  done

2005-11-09 14:41:03  cron
2005-11-09 14:41:03  done

2005-11-09 15:39:03  cron
2005-11-09 15:39:03  done

2005-11-09 16:37:43  cron
2005-11-09 16:37:43  done

2005-11-09 17:06:35  cron
2005-11-09 17:06:35  job #1 file not found `alle 2 Minuten ...`
2005-11-09 17:06:35  done

2005-11-09 17:13:13  cron
2005-11-09 17:13:13  done

2005-11-09 17:58:51  cron
2005-11-09 17:58:51  job #1 file not found `alle 2 Minuten ...`
2005-11-09 17:58:51  done

2005-11-09 17:59:02  cron
2005-11-09 17:59:02  done

2005-11-10 16:07:35  cron
2005-11-10 16:07:35  done

2005-11-12 09:55:16  cron
2005-11-12 09:55:16  done

2005-11-12 10:12:31  cron
2005-11-12 10:12:31  job #1 file not found `alle 2 Minuten ...`
2005-11-12 10:12:31  done

2005-11-12 10:17:11  cron
2005-11-12 10:17:11  done

2005-11-12 10:19:37  cron
2005-11-12 10:19:37  done

2005-11-12 10:26:06  cron
2005-11-12 10:26:06  job #1 file not found `alle 2 Minuten ...`
2005-11-12 10:26:06  done

2005-11-12 10:27:04  cron
2005-11-12 10:27:04  done

2005-11-12 10:28:04  cron
2005-11-12 10:28:04  job #1 file not found `alle 2 Minuten ...`
2005-11-12 10:28:04  done

2005-11-12 10:29:49  cron
2005-11-12 10:29:49  done

2005-11-12 10:30:00  cron
2005-11-12 10:30:00  job #1 file not found `alle 2 Minuten ...`
2005-11-12 10:30:00  done

2005-11-12 10:31:52  cron
2005-11-12 10:31:52  done

2005-11-12 10:32:47  cron
2005-11-12 10:32:47  job #1 file not found `alle 2 Minuten ...`
2005-11-12 10:32:47  done

2005-11-12 10:33:44  cron
2005-11-12 10:33:44  done

2005-11-12 10:34:29  cron
2005-11-12 10:34:29  job #1 file not found `alle 2 Minuten ...`
2005-11-12 10:34:29  done

2005-11-12 10:35:09  cron
2005-11-12 10:35:09  done

2005-11-12 10:36:02  cron
2005-11-12 10:36:02  job #1 file not found `alle 2 Minuten ...`
2005-11-12 10:36:02  done

2005-11-12 10:37:20  cron
2005-11-12 10:37:20  done

2005-11-12 10:38:23  cron
2005-11-12 10:38:23  job #1 file not found `alle 2 Minuten ...`
2005-11-12 10:38:23  done

2005-11-12 10:39:02  cron
2005-11-12 10:39:02  done

2005-11-12 10:41:47  cron
2005-11-12 10:41:47  done

2005-11-12 10:47:03  cron
2005-11-12 10:47:03  done

2005-11-12 10:48:37  cron
2005-11-12 10:48:37  job #1 file not found `alle 2 Minuten ...`
2005-11-12 10:48:37  done

2005-11-12 10:49:23  cron
2005-11-12 10:49:24  done

2005-11-12 10:50:08  cron
2005-11-12 10:50:08  job #1 file not found `alle 2 Minuten ...`
2005-11-12 10:50:08  done

2005-11-12 10:54:36  cron
2005-11-12 10:54:36  job #1 file not found `alle 2 Minuten ...`
2005-11-12 10:54:36  done

2005-11-12 10:59:27  cron
2005-11-12 10:59:27  done

2005-11-12 11:00:24  cron
2005-11-12 11:00:24  job #1 file not found `alle 2 Minuten ...`
2005-11-12 11:00:24  done

2005-11-12 11:01:07  cron
2005-11-12 11:01:07  done

2005-11-12 11:06:55  cron
2005-11-12 11:06:55  job #1 file not found `alle 2 Minuten ...`
2005-11-12 11:06:55  done

2005-11-12 11:09:09  cron
2005-11-12 11:09:09  done

2005-11-12 11:11:50  cron
2005-11-12 11:11:50  done

2005-11-12 11:12:08  cron
2005-11-12 11:12:08  job #1 file not found `alle 2 Minuten ...`
2005-11-12 11:12:08  done

2005-11-12 11:14:40  cron
2005-11-12 11:14:40  job #1 file not found `alle 2 Minuten ...`
2005-11-12 11:14:40  done

2005-11-12 11:15:50  cron
2005-11-12 11:15:50  done

2005-11-12 11:16:48  cron
2005-11-12 11:16:48  job #1 file not found `alle 2 Minuten ...`
2005-11-12 11:16:48  done

2005-11-12 11:17:05  cron
2005-11-12 11:17:05  done

2005-11-12 11:18:17  cron
2005-11-12 11:18:17  job #1 file not found `alle 2 Minuten ...`
2005-11-12 11:18:17  done

2005-11-12 11:19:05  cron
2005-11-12 11:19:05  done

2005-11-12 11:31:23  cron
2005-11-12 11:31:23  done

2005-11-12 11:32:35  cron
2005-11-12 11:32:35  job #1 file not found `alle 2 Minuten ...`
2005-11-12 11:32:35  done

2005-11-12 11:37:52  cron
2005-11-12 11:37:52  done

2005-11-12 11:38:00  cron
2005-11-12 11:38:00  job #1 file not found `alle 2 Minuten ...`
2005-11-12 11:38:00  done

2005-11-12 11:39:03  cron
2005-11-12 11:39:03  done

2005-11-12 11:42:04  cron
2005-11-12 11:42:04  job #1 file not found `alle 2 Minuten ...`
2005-11-12 11:42:04  done

2005-11-12 11:43:07  cron
2005-11-12 11:43:07  done

2005-11-12 11:44:01  cron
2005-11-12 11:44:01  job #1 file not found `alle 2 Minuten ...`
2005-11-12 11:44:01  done

2005-11-12 11:45:12  cron
2005-11-12 11:45:12  done

2005-11-12 11:49:03  cron
2005-11-12 11:49:03  done

2005-11-12 11:51:48  cron
2005-11-12 11:51:48  done

2005-11-12 11:53:18  cron
2005-11-12 11:53:18  done

2005-11-12 11:54:21  cron
2005-11-12 11:54:21  job #1 file not found `alle 2 Minuten ...`
2005-11-12 11:54:21  done

2005-11-12 11:56:09  cron
2005-11-12 11:56:09  job #1 file not found `alle 2 Minuten ...`
2005-11-12 11:56:09  done

2005-11-12 11:57:05  cron
2005-11-12 11:57:05  done

2005-11-12 11:59:01  cron
2005-11-12 11:59:01  done

2005-11-12 12:01:51  cron
2005-11-12 12:01:51  done

2005-11-12 12:03:00  cron
2005-11-12 12:03:00  done

2005-11-12 12:04:18  cron
2005-11-12 12:04:18  job #1 file not found `alle 2 Minuten ...`
2005-11-12 12:04:18  done

2005-11-12 12:06:31  cron
2005-11-12 12:06:31  job #1 file not found `alle 2 Minuten ...`
2005-11-12 12:06:31  done

2005-11-12 12:07:16  cron
2005-11-12 12:07:16  done

2005-11-12 12:09:45  cron
2005-11-12 12:09:45  done

2005-11-12 12:10:05  cron
2005-11-12 12:10:05  job #1 file not found `alle 2 Minuten ...`
2005-11-12 12:10:05  done

2005-11-12 12:15:44  cron
2005-11-12 12:15:44  done

2005-11-12 12:38:41  cron
2005-11-12 12:38:41  job #1 file not found `alle 2 Minuten ...`
2005-11-12 12:38:41  done

2005-11-12 12:40:03  cron
2005-11-12 12:40:03  job #1 file not found `alle 2 Minuten ...`
2005-11-12 12:40:03  done

2005-11-14 11:07:57  cron
2005-11-14 11:07:57  done

2005-11-14 15:03:09  cron
2005-11-14 15:03:09  done

2005-11-14 15:11:59  cron
2005-11-14 15:11:59  done

2005-11-14 15:12:02  cron
2005-11-14 15:12:02  job #1 file not found `alle 2 Minuten ...`
2005-11-14 15:12:02  done

2005-11-15 09:52:37  cron
2005-11-15 09:52:37  job #1 file not found `alle 2 Minuten ...`
2005-11-15 09:52:37  done

2005-11-15 13:53:46  cron
2005-11-15 13:53:46  done

2005-11-15 13:54:07  cron
2005-11-15 13:54:07  job #1 file not found `alle 2 Minuten ...`
2005-11-15 13:54:07  done

2005-11-15 13:57:33  cron
2005-11-15 13:57:33  done

2005-11-15 13:58:39  cron
2005-11-15 13:58:39  job #1 file not found `alle 2 Minuten ...`
2005-11-15 13:58:39  done

2005-11-15 14:01:34  cron
2005-11-15 14:01:34  done

2005-11-15 14:02:54  cron
2005-11-15 14:02:54  job #1 file not found `alle 2 Minuten ...`
2005-11-15 14:02:54  done

2005-11-15 14:03:35  cron
2005-11-15 14:03:35  done

2005-11-15 14:05:09  cron
2005-11-15 14:05:09  done

2005-11-15 14:07:55  cron
2005-11-15 14:07:55  done

2005-11-15 14:08:02  cron
2005-11-15 14:08:02  job #1 file not found `alle 2 Minuten ...`
2005-11-15 14:08:02  done

2005-11-15 14:09:10  cron
2005-11-15 14:09:10  done

2005-11-15 14:10:16  cron
2005-11-15 14:10:16  job #1 file not found `alle 2 Minuten ...`
2005-11-15 14:10:16  done

2005-11-15 14:11:09  cron
2005-11-15 14:11:09  done

2005-11-15 14:12:01  cron
2005-11-15 14:12:01  job #1 file not found `alle 2 Minuten ...`
2005-11-15 14:12:01  done

2005-11-15 14:13:58  cron
2005-11-15 14:13:58  done

2005-11-15 14:14:02  cron
2005-11-15 14:14:02  job #1 file not found `alle 2 Minuten ...`
2005-11-15 14:14:02  done

2005-11-15 14:15:24  cron
2005-11-15 14:15:24  done

2005-11-15 14:16:14  cron
2005-11-15 14:16:14  job #1 file not found `alle 2 Minuten ...`
2005-11-15 14:16:14  done

2005-11-15 14:17:33  cron
2005-11-15 14:17:33  done

2005-11-15 14:18:20  cron
2005-11-15 14:18:20  job #1 file not found `alle 2 Minuten ...`
2005-11-15 14:18:20  done

2005-11-15 14:19:02  cron
2005-11-15 14:19:02  done

2005-11-15 14:20:56  cron
2005-11-15 14:20:56  job #1 file not found `alle 2 Minuten ...`
2005-11-15 14:20:56  done

2005-11-15 14:21:05  cron
2005-11-15 14:21:05  done

2005-11-15 14:23:04  cron
2005-11-15 14:23:04  done

2005-11-15 14:24:04  cron
2005-11-15 14:24:04  job #1 file not found `alle 2 Minuten ...`
2005-11-15 14:24:04  done

2005-11-15 14:25:02  cron
2005-11-15 14:25:02  done

2005-11-15 14:26:16  cron
2005-11-15 14:26:16  job #1 file not found `alle 2 Minuten ...`
2005-11-15 14:26:16  done

2005-11-15 14:27:31  cron
2005-11-15 14:27:31  done

2005-11-15 14:38:21  cron
2005-11-15 14:38:21  job #1 file not found `alle 2 Minuten ...`
2005-11-15 14:38:21  done

2005-11-15 14:39:43  cron
2005-11-15 14:39:43  done

2005-11-15 14:40:52  cron
2005-11-15 14:40:52  job #1 file not found `alle 2 Minuten ...`
2005-11-15 14:40:53  done

2005-11-15 14:41:24  cron
2005-11-15 14:41:24  done

2005-11-15 14:42:04  cron
2005-11-15 14:42:04  job #1 file not found `alle 2 Minuten ...`
2005-11-15 14:42:04  done

2005-11-15 14:43:47  cron
2005-11-15 14:43:47  done

2005-11-15 14:44:01  cron
2005-11-15 14:44:01  job #1 file not found `alle 2 Minuten ...`
2005-11-15 14:44:01  done

2005-11-15 14:45:09  cron
2005-11-15 14:45:09  done

2005-11-15 14:46:19  cron
2005-11-15 14:46:19  job #1 file not found `alle 2 Minuten ...`
2005-11-15 14:46:19  done

2005-11-15 14:47:17  cron
2005-11-15 14:47:17  done

2005-11-15 14:52:33  cron
2005-11-15 14:52:33  job #1 file not found `alle 2 Minuten ...`
2005-11-15 14:52:33  done

2005-11-15 14:53:10  cron
2005-11-15 14:53:10  done

2005-11-15 14:54:02  cron
2005-11-15 14:54:02  job #1 file not found `alle 2 Minuten ...`
2005-11-15 14:54:02  done

2005-11-15 14:55:23  cron
2005-11-15 14:55:23  done

2005-11-15 14:56:12  cron
2005-11-15 14:56:12  job #1 file not found `alle 2 Minuten ...`
2005-11-15 14:56:12  done

2005-11-15 14:57:07  cron
2005-11-15 14:57:07  done

2005-11-15 14:59:11  cron
2005-11-15 14:59:11  done

2005-11-15 15:00:37  cron
2005-11-15 15:00:37  job #1 file not found `alle 2 Minuten ...`
2005-11-15 15:00:37  done

2005-11-15 15:05:54  cron
2005-11-15 15:05:54  done

2005-11-15 15:06:25  cron
2005-11-15 15:06:25  job #1 file not found `alle 2 Minuten ...`
2005-11-15 15:06:26  done

2005-11-15 15:07:21  cron
2005-11-15 15:07:21  done

2005-11-15 15:08:03  cron
2005-11-15 15:08:03  job #1 file not found `alle 2 Minuten ...`
2005-11-15 15:08:03  done

2005-11-15 15:11:55  cron
2005-11-15 15:11:55  done

2005-11-15 15:13:32  cron
2005-11-15 15:13:32  done

2005-11-15 15:14:30  cron
2005-11-15 15:14:30  job #1 file not found `alle 2 Minuten ...`
2005-11-15 15:14:30  done

2005-11-15 15:15:06  cron
2005-11-15 15:15:06  done

2005-11-15 15:16:44  cron
2005-11-15 15:16:44  job #1 file not found `alle 2 Minuten ...`
2005-11-15 15:16:44  done

2005-11-15 15:17:00  cron
2005-11-15 15:17:00  done

2005-11-15 15:18:05  cron
2005-11-15 15:18:05  job #1 file not found `alle 2 Minuten ...`
2005-11-15 15:18:05  done

2005-11-15 15:19:05  cron
2005-11-15 15:19:05  done

2005-11-16 09:12:39  cron
2005-11-16 09:12:39  job #1 file not found `alle 2 Minuten ...`
2005-11-16 09:12:39  done

2005-11-16 09:14:19  cron
2005-11-16 09:14:19  job #1 file not found `alle 2 Minuten ...`
2005-11-16 09:14:19  done

2005-11-16 09:24:03  cron
2005-11-16 09:24:03  job #1 file not found `alle 2 Minuten ...`
2005-11-16 09:24:03  done

2005-11-16 09:25:06  cron
2005-11-16 09:25:06  done

2005-11-16 12:46:24  cron
2005-11-16 12:46:24  job #1 file not found `alle 2 Minuten ...`
2005-11-16 12:46:24  done

2005-11-17 10:09:06  cron
2005-11-17 10:09:06  done

2005-11-17 10:15:50  cron
2005-11-17 10:15:50  done

2005-11-17 10:21:24  cron
2005-11-17 10:21:24  done

2005-11-17 10:33:26  cron
2005-11-17 10:33:26  done

2005-11-17 11:01:50  cron
2005-11-17 11:01:50  done

2005-11-17 11:04:11  cron
2005-11-17 11:04:11  job #1 file not found `alle 2 Minuten ...`
2005-11-17 11:04:11  done

2005-11-17 11:06:03  cron
2005-11-17 11:06:03  job #1 file not found `alle 2 Minuten ...`
2005-11-17 11:06:03  done

2005-11-17 11:11:32  cron
2005-11-17 11:11:32  done

2005-11-17 11:12:17  cron
2005-11-17 11:12:17  job #1 file not found `alle 2 Minuten ...`
2005-11-17 11:12:17  done

2005-11-17 11:15:55  cron
2005-11-17 11:15:55  done

2005-11-17 11:19:49  cron
2005-11-17 11:19:49  done

2005-11-17 11:34:36  cron
2005-11-17 11:34:36  job #1 file not found `alle 2 Minuten ...`
2005-11-17 11:34:36  done

2005-11-17 12:47:05  cron
2005-11-17 12:47:05  done

2005-11-17 12:52:55  cron
2005-11-17 12:52:55  job #1 file not found `alle 2 Minuten ...`
2005-11-17 12:52:55  done

2005-11-17 13:24:51  cron
2005-11-17 13:24:51  job #1 file not found `alle 2 Minuten ...`
2005-11-17 13:24:51  done

2005-11-17 13:49:07  cron
2005-11-17 13:49:07  done

2005-11-17 14:07:21  cron
2005-11-17 14:07:21  done

2005-11-17 14:31:26  cron
2005-11-17 14:31:26  done

2005-11-17 14:33:14  cron
2005-11-17 14:33:14  done

2005-11-17 14:37:58  cron
2005-11-17 14:37:58  done

2005-11-17 15:24:08  cron
2005-11-17 15:24:08  job #1 file not found `alle 2 Minuten ...`
2005-11-17 15:24:08  done

